<?xml version="1.0" encoding="UTF-8"?>
<testsuite name="io.wisoft.poomi.controller.HelloControllerTest" tests="1" skipped="1" failures="0" errors="0" timestamp="2021-08-27T02:46:26" hostname="DESKTOP-5UTSPQ7" time="0.0">
  <properties/>
  <testcase name="return_hello_string()" classname="io.wisoft.poomi.controller.HelloControllerTest" time="0.0">
    <skipped/>
  </testcase>
  <system-out><![CDATA[2021-08-27 11:46:26.064  INFO 20584 --- [    Test worker] .b.t.c.SpringBootTestContextBootstrapper : Neither @ContextConfiguration nor @ContextHierarchy found for test class [io.wisoft.poomi.controller.HelloControllerTest], using SpringBootContextLoader
2021-08-27 11:46:26.065  INFO 20584 --- [    Test worker] o.s.t.c.support.AbstractContextLoader    : Could not detect default resource locations for test class [io.wisoft.poomi.controller.HelloControllerTest]: no resource found for suffixes {-context.xml, Context.groovy}.
2021-08-27 11:46:26.065  INFO 20584 --- [    Test worker] t.c.s.AnnotationConfigContextLoaderUtils : Could not detect default configuration classes for test class [io.wisoft.poomi.controller.HelloControllerTest]: HelloControllerTest does not declare any static, non-private, non-final, nested classes annotated with @Configuration.
2021-08-27 11:46:26.066  INFO 20584 --- [    Test worker] .b.t.c.SpringBootTestContextBootstrapper : Found @SpringBootConfiguration io.wisoft.poomi.PoomIApplication for test class io.wisoft.poomi.controller.HelloControllerTest
2021-08-27 11:46:26.068  INFO 20584 --- [    Test worker] .b.t.c.SpringBootTestContextBootstrapper : Loaded default TestExecutionListener class names from location [META-INF/spring.factories]: [org.springframework.security.test.context.support.WithSecurityContextTestExecutionListener, org.springframework.security.test.context.support.ReactorContextTestExecutionListener, org.springframework.boot.test.autoconfigure.restdocs.RestDocsTestExecutionListener, org.springframework.boot.test.autoconfigure.web.client.MockRestServiceServerResetTestExecutionListener, org.springframework.boot.test.autoconfigure.web.servlet.MockMvcPrintOnlyOnFailureTestExecutionListener, org.springframework.boot.test.autoconfigure.web.servlet.WebDriverTestExecutionListener, org.springframework.boot.test.autoconfigure.webservices.client.MockWebServiceServerTestExecutionListener, org.springframework.boot.test.mock.mockito.MockitoTestExecutionListener, org.springframework.boot.test.mock.mockito.ResetMocksTestExecutionListener, org.springframework.test.context.web.ServletTestExecutionListener, org.springframework.test.context.support.DirtiesContextBeforeModesTestExecutionListener, org.springframework.test.context.event.ApplicationEventsTestExecutionListener, org.springframework.test.context.support.DependencyInjectionTestExecutionListener, org.springframework.test.context.support.DirtiesContextTestExecutionListener, org.springframework.test.context.transaction.TransactionalTestExecutionListener, org.springframework.test.context.jdbc.SqlScriptsTestExecutionListener, org.springframework.test.context.event.EventPublishingTestExecutionListener]
2021-08-27 11:46:26.071  INFO 20584 --- [    Test worker] .b.t.c.SpringBootTestContextBootstrapper : Using TestExecutionListeners: [org.springframework.test.context.web.ServletTestExecutionListener@51e38ebd, org.springframework.test.context.support.DirtiesContextBeforeModesTestExecutionListener@68adb3a3, org.springframework.test.context.event.ApplicationEventsTestExecutionListener@3cf043b, org.springframework.boot.test.mock.mockito.MockitoTestExecutionListener@7188e67e, org.springframework.boot.test.autoconfigure.SpringBootDependencyInjectionTestExecutionListener@3c531894, org.springframework.test.context.support.DirtiesContextTestExecutionListener@39e68416, org.springframework.test.context.transaction.TransactionalTestExecutionListener@4273a1cd, org.springframework.test.context.jdbc.SqlScriptsTestExecutionListener@74fe14eb, org.springframework.security.test.context.support.WithSecurityContextTestExecutionListener@50cd2558, org.springframework.test.context.event.EventPublishingTestExecutionListener@5d86dd63, org.springframework.security.test.context.support.ReactorContextTestExecutionListener@2a472d7, org.springframework.boot.test.autoconfigure.restdocs.RestDocsTestExecutionListener@6f97724, org.springframework.boot.test.autoconfigure.web.client.MockRestServiceServerResetTestExecutionListener@3f276546, org.springframework.boot.test.autoconfigure.web.servlet.MockMvcPrintOnlyOnFailureTestExecutionListener@54a1da04, org.springframework.boot.test.autoconfigure.web.servlet.WebDriverTestExecutionListener@7532288d, org.springframework.boot.test.autoconfigure.webservices.client.MockWebServiceServerTestExecutionListener@383f2158, org.springframework.boot.test.mock.mockito.ResetMocksTestExecutionListener@3cb66e4c]
]]></system-out>
  <system-err><![CDATA[]]></system-err>
</testsuite>
