<?xml version="1.0" encoding="UTF-8"?>
<testsuite name="io.wisoft.poomi.controller.HelloControllerTest" tests="1" skipped="0" failures="0" errors="0" timestamp="2021-08-20T06:44:52" hostname="DESKTOP-5UTSPQ7" time="1.023">
  <properties/>
  <testcase name="return_hello_string()" classname="io.wisoft.poomi.controller.HelloControllerTest" time="1.023"/>
  <system-out><![CDATA[15:44:41.804 [Test worker] DEBUG org.springframework.test.context.BootstrapUtils - Instantiating CacheAwareContextLoaderDelegate from class [org.springframework.test.context.cache.DefaultCacheAwareContextLoaderDelegate]
15:44:41.819 [Test worker] DEBUG org.springframework.test.context.BootstrapUtils - Instantiating BootstrapContext using constructor [public org.springframework.test.context.support.DefaultBootstrapContext(java.lang.Class,org.springframework.test.context.CacheAwareContextLoaderDelegate)]
15:44:41.866 [Test worker] DEBUG org.springframework.test.context.BootstrapUtils - Instantiating TestContextBootstrapper for test class [io.wisoft.poomi.controller.HelloControllerTest] from class [org.springframework.boot.test.context.SpringBootTestContextBootstrapper]
15:44:41.882 [Test worker] INFO org.springframework.boot.test.context.SpringBootTestContextBootstrapper - Neither @ContextConfiguration nor @ContextHierarchy found for test class [io.wisoft.poomi.controller.HelloControllerTest], using SpringBootContextLoader
15:44:41.882 [Test worker] DEBUG org.springframework.test.context.support.AbstractContextLoader - Did not detect default resource location for test class [io.wisoft.poomi.controller.HelloControllerTest]: class path resource [io/wisoft/poomi/controller/HelloControllerTest-context.xml] does not exist
15:44:41.882 [Test worker] DEBUG org.springframework.test.context.support.AbstractContextLoader - Did not detect default resource location for test class [io.wisoft.poomi.controller.HelloControllerTest]: class path resource [io/wisoft/poomi/controller/HelloControllerTestContext.groovy] does not exist
15:44:41.882 [Test worker] INFO org.springframework.test.context.support.AbstractContextLoader - Could not detect default resource locations for test class [io.wisoft.poomi.controller.HelloControllerTest]: no resource found for suffixes {-context.xml, Context.groovy}.
15:44:41.882 [Test worker] INFO org.springframework.test.context.support.AnnotationConfigContextLoaderUtils - Could not detect default configuration classes for test class [io.wisoft.poomi.controller.HelloControllerTest]: HelloControllerTest does not declare any static, non-private, non-final, nested classes annotated with @Configuration.
15:44:41.944 [Test worker] DEBUG org.springframework.test.context.support.ActiveProfilesUtils - Could not find an 'annotation declaring class' for annotation type [org.springframework.test.context.ActiveProfiles] and class [io.wisoft.poomi.controller.HelloControllerTest]
15:44:42.082 [Test worker] DEBUG org.springframework.context.annotation.ClassPathScanningCandidateComponentProvider - Identified candidate component class: file [C:\Users\user\IdeaProjects\Capstone-Project-Poom-I\build\classes\java\main\io\wisoft\poomi\PoomIApplication.class]
15:44:42.082 [Test worker] INFO org.springframework.boot.test.context.SpringBootTestContextBootstrapper - Found @SpringBootConfiguration io.wisoft.poomi.PoomIApplication for test class io.wisoft.poomi.controller.HelloControllerTest
15:44:42.223 [Test worker] DEBUG org.springframework.boot.test.context.SpringBootTestContextBootstrapper - @TestExecutionListeners is not present for class [io.wisoft.poomi.controller.HelloControllerTest]: using defaults.
15:44:42.223 [Test worker] INFO org.springframework.boot.test.context.SpringBootTestContextBootstrapper - Loaded default TestExecutionListener class names from location [META-INF/spring.factories]: [org.springframework.security.test.context.support.WithSecurityContextTestExecutionListener, org.springframework.security.test.context.support.ReactorContextTestExecutionListener, org.springframework.boot.test.autoconfigure.restdocs.RestDocsTestExecutionListener, org.springframework.boot.test.autoconfigure.web.client.MockRestServiceServerResetTestExecutionListener, org.springframework.boot.test.autoconfigure.web.servlet.MockMvcPrintOnlyOnFailureTestExecutionListener, org.springframework.boot.test.autoconfigure.web.servlet.WebDriverTestExecutionListener, org.springframework.boot.test.autoconfigure.webservices.client.MockWebServiceServerTestExecutionListener, org.springframework.boot.test.mock.mockito.MockitoTestExecutionListener, org.springframework.boot.test.mock.mockito.ResetMocksTestExecutionListener, org.springframework.test.context.web.ServletTestExecutionListener, org.springframework.test.context.support.DirtiesContextBeforeModesTestExecutionListener, org.springframework.test.context.event.ApplicationEventsTestExecutionListener, org.springframework.test.context.support.DependencyInjectionTestExecutionListener, org.springframework.test.context.support.DirtiesContextTestExecutionListener, org.springframework.test.context.transaction.TransactionalTestExecutionListener, org.springframework.test.context.jdbc.SqlScriptsTestExecutionListener, org.springframework.test.context.event.EventPublishingTestExecutionListener]
15:44:42.270 [Test worker] INFO org.springframework.boot.test.context.SpringBootTestContextBootstrapper - Using TestExecutionListeners: [org.springframework.test.context.web.ServletTestExecutionListener@44a518fa, org.springframework.test.context.support.DirtiesContextBeforeModesTestExecutionListener@23253bab, org.springframework.test.context.event.ApplicationEventsTestExecutionListener@14ed68e9, org.springframework.boot.test.mock.mockito.MockitoTestExecutionListener@215137c8, org.springframework.boot.test.autoconfigure.SpringBootDependencyInjectionTestExecutionListener@4ddf99d0, org.springframework.test.context.support.DirtiesContextTestExecutionListener@472d1ba3, org.springframework.test.context.transaction.TransactionalTestExecutionListener@3878898f, org.springframework.test.context.jdbc.SqlScriptsTestExecutionListener@103f163f, org.springframework.security.test.context.support.WithSecurityContextTestExecutionListener@211f0cf1, org.springframework.test.context.event.EventPublishingTestExecutionListener@e40eb72, org.springframework.security.test.context.support.ReactorContextTestExecutionListener@72882fc4, org.springframework.boot.test.autoconfigure.restdocs.RestDocsTestExecutionListener@1a6e5144, org.springframework.boot.test.autoconfigure.web.client.MockRestServiceServerResetTestExecutionListener@434fbe7c, org.springframework.boot.test.autoconfigure.web.servlet.MockMvcPrintOnlyOnFailureTestExecutionListener@4a5dc61c, org.springframework.boot.test.autoconfigure.web.servlet.WebDriverTestExecutionListener@7918269c, org.springframework.boot.test.autoconfigure.webservices.client.MockWebServiceServerTestExecutionListener@1114bc8a, org.springframework.boot.test.mock.mockito.ResetMocksTestExecutionListener@2f164c8a]
15:44:42.270 [Test worker] DEBUG org.springframework.test.context.support.AbstractDirtiesContextTestExecutionListener - Before test class: context [DefaultTestContext@5eee4500 testClass = HelloControllerTest, testInstance = [null], testMethod = [null], testException = [null], mergedContextConfiguration = [WebMergedContextConfiguration@5699958d testClass = HelloControllerTest, locations = '{}', classes = '{class io.wisoft.poomi.PoomIApplication}', contextInitializerClasses = '[]', activeProfiles = '{}', propertySourceLocations = '{}', propertySourceProperties = '{org.springframework.boot.test.context.SpringBootTestContextBootstrapper=true, server.port=0}', contextCustomizers = set[org.springframework.boot.test.autoconfigure.actuate.metrics.MetricsExportContextCustomizerFactory$DisableMetricExportContextCustomizer@f633c8, org.springframework.boot.test.autoconfigure.properties.PropertyMappingContextCustomizer@0, org.springframework.boot.test.autoconfigure.web.servlet.WebDriverContextCustomizerFactory$Customizer@7ad420f1, org.springframework.boot.test.context.filter.ExcludeFilterContextCustomizer@71a9c9a3, org.springframework.boot.test.json.DuplicateJsonObjectContextCustomizerFactory$DuplicateJsonObjectContextCustomizer@3d9ffd6c, org.springframework.boot.test.mock.mockito.MockitoContextCustomizer@0, org.springframework.boot.test.web.client.TestRestTemplateContextCustomizer@1feb7d06, org.springframework.boot.test.context.SpringBootTestArgs@1, org.springframework.boot.test.context.SpringBootTestWebEnvironment@25c85133], resourceBasePath = 'src/main/webapp', contextLoader = 'org.springframework.boot.test.context.SpringBootContextLoader', parent = [null]], attributes = map['org.springframework.test.context.web.ServletTestExecutionListener.activateListener' -> false]], class annotated with @DirtiesContext [false] with mode [null].
15:44:42.302 [Test worker] DEBUG org.springframework.test.context.support.DependencyInjectionTestExecutionListener - Performing dependency injection for test context [[DefaultTestContext@5eee4500 testClass = HelloControllerTest, testInstance = io.wisoft.poomi.controller.HelloControllerTest@4f153540, testMethod = [null], testException = [null], mergedContextConfiguration = [WebMergedContextConfiguration@5699958d testClass = HelloControllerTest, locations = '{}', classes = '{class io.wisoft.poomi.PoomIApplication}', contextInitializerClasses = '[]', activeProfiles = '{}', propertySourceLocations = '{}', propertySourceProperties = '{org.springframework.boot.test.context.SpringBootTestContextBootstrapper=true, server.port=0}', contextCustomizers = set[org.springframework.boot.test.autoconfigure.actuate.metrics.MetricsExportContextCustomizerFactory$DisableMetricExportContextCustomizer@f633c8, org.springframework.boot.test.autoconfigure.properties.PropertyMappingContextCustomizer@0, org.springframework.boot.test.autoconfigure.web.servlet.WebDriverContextCustomizerFactory$Customizer@7ad420f1, org.springframework.boot.test.context.filter.ExcludeFilterContextCustomizer@71a9c9a3, org.springframework.boot.test.json.DuplicateJsonObjectContextCustomizerFactory$DuplicateJsonObjectContextCustomizer@3d9ffd6c, org.springframework.boot.test.mock.mockito.MockitoContextCustomizer@0, org.springframework.boot.test.web.client.TestRestTemplateContextCustomizer@1feb7d06, org.springframework.boot.test.context.SpringBootTestArgs@1, org.springframework.boot.test.context.SpringBootTestWebEnvironment@25c85133], resourceBasePath = 'src/main/webapp', contextLoader = 'org.springframework.boot.test.context.SpringBootContextLoader', parent = [null]], attributes = map['org.springframework.test.context.web.ServletTestExecutionListener.activateListener' -> false, 'org.springframework.test.context.event.ApplicationEventsTestExecutionListener.recordApplicationEvents' -> false]]].
15:44:42.348 [Test worker] DEBUG org.springframework.test.context.support.TestPropertySourceUtils - Adding inlined properties to environment: {spring.jmx.enabled=false, org.springframework.boot.test.context.SpringBootTestContextBootstrapper=true, server.port=0}

  .   ____          _            __ _ _
 /\\ / ___'_ __ _ _(_)_ __  __ _ \ \ \ \
( ( )\___ | '_ | '_| | '_ \/ _` | \ \ \ \
 \\/  ___)| |_)| | | | | || (_| |  ) ) ) )
  '  |____| .__|_| |_|_| |_\__, | / / / /
 =========|_|==============|___/=/_/_/_/
 :: Spring Boot ::                (v2.5.2)

2021-08-20 15:44:43.077  INFO 17216 --- [    Test worker] i.w.p.controller.HelloControllerTest     : Starting HelloControllerTest using Java 11 on DESKTOP-5UTSPQ7 with PID 17216 (started by user in C:\Users\user\IdeaProjects\Capstone-Project-Poom-I)
2021-08-20 15:44:43.077  INFO 17216 --- [    Test worker] i.w.p.controller.HelloControllerTest     : The following profiles are active: oauth,dev
2021-08-20 15:44:44.680  INFO 17216 --- [    Test worker] .s.d.r.c.RepositoryConfigurationDelegate : Bootstrapping Spring Data JPA repositories in DEFAULT mode.
2021-08-20 15:44:44.846  INFO 17216 --- [    Test worker] .s.d.r.c.RepositoryConfigurationDelegate : Finished Spring Data repository scanning in 154 ms. Found 8 JPA repository interfaces.
2021-08-20 15:44:45.566  INFO 17216 --- [    Test worker] trationDelegate$BeanPostProcessorChecker : Bean 'org.springframework.security.access.expression.method.DefaultMethodSecurityExpressionHandler@2575e106' of type [org.springframework.security.access.expression.method.DefaultMethodSecurityExpressionHandler] is not eligible for getting processed by all BeanPostProcessors (for example: not eligible for auto-proxying)
2021-08-20 15:44:45.598  INFO 17216 --- [    Test worker] trationDelegate$BeanPostProcessorChecker : Bean 'methodSecurityMetadataSource' of type [org.springframework.security.access.method.DelegatingMethodSecurityMetadataSource] is not eligible for getting processed by all BeanPostProcessors (for example: not eligible for auto-proxying)
2021-08-20 15:44:46.226  INFO 17216 --- [    Test worker] o.s.b.w.embedded.tomcat.TomcatWebServer  : Tomcat initialized with port(s): 0 (http)
2021-08-20 15:44:46.242  INFO 17216 --- [    Test worker] o.apache.catalina.core.StandardService   : Starting service [Tomcat]
2021-08-20 15:44:46.242  INFO 17216 --- [    Test worker] org.apache.catalina.core.StandardEngine  : Starting Servlet engine: [Apache Tomcat/9.0.48]
2021-08-20 15:44:46.555  INFO 17216 --- [    Test worker] o.a.c.c.C.[Tomcat].[localhost].[/]       : Initializing Spring embedded WebApplicationContext
2021-08-20 15:44:46.555  INFO 17216 --- [    Test worker] w.s.c.ServletWebServerApplicationContext : Root WebApplicationContext: initialization completed in 3431 ms
2021-08-20 15:44:46.633  INFO 17216 --- [    Test worker] com.zaxxer.hikari.HikariDataSource       : HikariPool-1 - Starting...
2021-08-20 15:44:46.958  INFO 17216 --- [    Test worker] com.zaxxer.hikari.HikariDataSource       : HikariPool-1 - Start completed.
2021-08-20 15:44:46.974  INFO 17216 --- [    Test worker] o.s.b.a.h2.H2ConsoleAutoConfiguration    : H2 console available at '/h2-console'. Database available at 'jdbc:h2:mem:testdb'
2021-08-20 15:44:47.463  INFO 17216 --- [    Test worker] o.hibernate.jpa.internal.util.LogHelper  : HHH000204: Processing PersistenceUnitInfo [name: default]
2021-08-20 15:44:47.573  INFO 17216 --- [    Test worker] org.hibernate.Version                    : HHH000412: Hibernate ORM core version 5.4.32.Final
2021-08-20 15:44:47.881  INFO 17216 --- [    Test worker] o.hibernate.annotations.common.Version   : HCANN000001: Hibernate Commons Annotations {5.1.2.Final}
2021-08-20 15:44:48.143  INFO 17216 --- [    Test worker] org.hibernate.dialect.Dialect            : HHH000400: Using dialect: org.hibernate.dialect.H2Dialect
Hibernate: 
    
    alter table child 
       add column child_id bigint
Hibernate: 
    
    alter table class_program 
       add column created_at timestamp
Hibernate: 
    
    alter table class_program 
       add column expired_at date
Hibernate: 
    
    alter table class_program 
       add column modified_at timestamp
Hibernate: create sequence ad_tag_sequence start with 1 increment by 1
Hibernate: create sequence address_sequence start with 1 increment by 1
Hibernate: create sequence child_sequence start with 1 increment by 1
Hibernate: create sequence childminder_info_seq start with 1 increment by 1
Hibernate: create sequence class_sequence start with 1 increment by 1
Hibernate: create sequence hibernate_sequence start with 1 increment by 1
Hibernate: create sequence member_sequence start with 1 increment by 1
Hibernate: create sequence refresh_token_sequence start with 1 increment by 1
Hibernate: create sequence sms_certification_sequence start with 1 increment by 1
Hibernate: 
    
    alter table child 
       add constraint FKr8nk7sxrigxffxypg011a3q65 
       foreign key (child_id) 
       references member
2021-08-20 15:44:49.634  INFO 17216 --- [    Test worker] o.h.e.t.j.p.i.JtaPlatformInitiator       : HHH000490: Using JtaPlatform implementation: [org.hibernate.engine.transaction.jta.platform.internal.NoJtaPlatform]
2021-08-20 15:44:49.650  INFO 17216 --- [    Test worker] j.LocalContainerEntityManagerFactoryBean : Initialized JPA EntityManagerFactory for persistence unit 'default'
2021-08-20 15:44:50.565  WARN 17216 --- [    Test worker] JpaBaseConfiguration$JpaWebConfiguration : spring.jpa.open-in-view is enabled by default. Therefore, database queries may be performed during view rendering. Explicitly configure spring.jpa.open-in-view to disable this warning
2021-08-20 15:44:51.136  INFO 17216 --- [    Test worker] o.s.s.web.DefaultSecurityFilterChain     : Will secure org.springframework.boot.autoconfigure.security.servlet.PathRequest$H2ConsoleRequestMatcher@491aae57 with []
2021-08-20 15:44:51.432  INFO 17216 --- [    Test worker] o.s.s.web.DefaultSecurityFilterChain     : Will secure any request with [org.springframework.security.web.context.request.async.WebAsyncManagerIntegrationFilter@516d7830, org.springframework.security.web.context.SecurityContextPersistenceFilter@451946ad, org.springframework.security.web.header.HeaderWriterFilter@13d154a3, org.springframework.web.filter.CorsFilter@4a8f5449, org.springframework.security.web.authentication.logout.LogoutFilter@59f849b5, org.springframework.security.oauth2.client.web.OAuth2AuthorizationRequestRedirectFilter@70fcac21, org.springframework.security.oauth2.client.web.OAuth2LoginAuthenticationFilter@25c09299, io.wisoft.poomi.configures.security.jwt.JwtAuthenticationFilter@2be2766e, org.springframework.security.web.savedrequest.RequestCacheAwareFilter@15b825d0, org.springframework.security.web.servletapi.SecurityContextHolderAwareRequestFilter@513848a2, org.springframework.security.web.authentication.AnonymousAuthenticationFilter@6d1fccd6, org.springframework.security.web.session.SessionManagementFilter@520ea60d, org.springframework.security.web.access.ExceptionTranslationFilter@8586e50, org.springframework.security.web.access.intercept.FilterSecurityInterceptor@25f2971f]
2021-08-20 15:44:51.448  WARN 17216 --- [    Test worker] o.s.s.c.a.web.builders.WebSecurity       : 

********************************************************************
**********        Security debugging is enabled.       *************
**********    This may include sensitive information.  *************
**********      Do not use in a production system!     *************
********************************************************************


2021-08-20 15:44:52.473  INFO 17216 --- [    Test worker] o.s.b.w.embedded.tomcat.TomcatWebServer  : Tomcat started on port(s): 64583 (http) with context path ''
2021-08-20 15:44:52.473  INFO 17216 --- [    Test worker] i.w.p.controller.HelloControllerTest     : Started HelloControllerTest in 10.126 seconds (JVM running for 12.683)
Hibernate: 
    call next value for ad_tag_sequence
Hibernate: 
    insert 
    into
        address_tag
        (extra_address, id) 
    values
        (?, ?)
Hibernate: 
    call next value for address_sequence
Hibernate: 
    insert 
    into
        address
        (ad_tag_id, detail_address, post_code, id) 
    values
        (?, ?, ?, ?)
Hibernate: 
    select
        authority0_.id as id1_2_0_,
        authority0_.authority as authorit2_2_0_ 
    from
        authority authority0_ 
    where
        authority0_.id=?
Hibernate: 
    call next value for member_sequence
Hibernate: 
    insert 
    into
        member
        (address_id, cm_info_id, email, name, nick, password, phone_number, id) 
    values
        (?, ?, ?, ?, ?, ?, ?, ?)
Hibernate: 
    insert 
    into
        member_authority
        (member_id, authority_id) 
    values
        (?, ?)
Hibernate: 
    call next value for refresh_token_sequence
Hibernate: 
    insert 
    into
        refresh_token
        (member_email, refresh_token, id) 
    values
        (?, ?, ?)
2021-08-20 15:44:53.167  INFO 17216 --- [o-auto-1-exec-1] o.a.c.c.C.[Tomcat].[localhost].[/]       : Initializing Spring DispatcherServlet 'dispatcherServlet'
2021-08-20 15:44:53.167  INFO 17216 --- [o-auto-1-exec-1] o.s.web.servlet.DispatcherServlet        : Initializing Servlet 'dispatcherServlet'
2021-08-20 15:44:53.183  INFO 17216 --- [o-auto-1-exec-1] o.s.web.servlet.DispatcherServlet        : Completed initialization in 0 ms
2021-08-20 15:44:53.183  INFO 17216 --- [o-auto-1-exec-1] Spring Security Debugger                 : 

************************************************************

Request received for GET '/hello':

org.apache.catalina.connector.RequestFacade@3984aa1

servletPath:/hello
pathInfo:null
headers: 
accept: text/plain, application/json, application/*+json, */*
authorization: Bearer eyJhbGciOiJIUzI1NiJ9.eyJzdWIiOiJ0ZXN0QGdtYWlsLmNvbSIsImF1dGgiOiJST0xFX1VTRVIiLCJleHAiOjE2Mjk0NDM2OTJ9.WNFHzi4SqrYadhm9WoB56iLVgp3Qx7EtBfJOdKZAW-o
user-agent: Java/11
host: localhost:64583
connection: keep-alive


Security filter chain: [
  WebAsyncManagerIntegrationFilter
  SecurityContextPersistenceFilter
  HeaderWriterFilter
  CorsFilter
  LogoutFilter
  OAuth2AuthorizationRequestRedirectFilter
  OAuth2LoginAuthenticationFilter
  JwtAuthenticationFilter
  RequestCacheAwareFilter
  SecurityContextHolderAwareRequestFilter
  AnonymousAuthenticationFilter
  SessionManagementFilter
  ExceptionTranslationFilter
  FilterSecurityInterceptor
]


************************************************************


2021-08-20 15:44:53.308  INFO 17216 --- [o-auto-1-exec-1] io.wisoft.poomi.service.MemberService    : Resolve JWT token: eyJhbGciOiJIUzI1NiJ9.eyJzdWIiOiJ0ZXN0QGdtYWlsLmNvbSIsImF1dGgiOiJST0xFX1VTRVIiLCJleHAiOjE2Mjk0NDM2OTJ9.WNFHzi4SqrYadhm9WoB56iLVgp3Qx7EtBfJOdKZAW-o
2021-08-20 15:44:53.308  INFO 17216 --- [o-auto-1-exec-1] io.wisoft.poomi.service.MemberService    : Generate member email: test@gmail.com
Hibernate: 
    select
        member0_.id as id1_6_,
        member0_.address_id as address_7_6_,
        member0_.cm_info_id as cm_info_8_6_,
        member0_.email as email2_6_,
        member0_.name as name3_6_,
        member0_.nick as nick4_6_,
        member0_.password as password5_6_,
        member0_.phone_number as phone_nu6_6_ 
    from
        member member0_ 
    where
        member0_.email=?
Hibernate: 
    select
        address0_.id as id1_0_0_,
        address0_.ad_tag_id as ad_tag_i4_0_0_,
        address0_.detail_address as detail_a2_0_0_,
        address0_.post_code as post_cod3_0_0_,
        addresstag1_.id as id1_1_1_,
        addresstag1_.extra_address as extra_ad2_1_1_ 
    from
        address address0_ 
    left outer join
        address_tag addresstag1_ 
            on address0_.ad_tag_id=addresstag1_.id 
    where
        address0_.id=?
Hibernate: 
    select
        authoritie0_.member_id as member_i1_7_0_,
        authoritie0_.authority_id as authorit2_7_0_,
        authority1_.id as id1_2_1_,
        authority1_.authority as authorit2_2_1_ 
    from
        member_authority authoritie0_ 
    inner join
        authority authority1_ 
            on authoritie0_.authority_id=authority1_.id 
    where
        authoritie0_.member_id=?
2021-08-20 15:44:53.488  INFO 17216 --- [o-auto-1-exec-1] io.wisoft.poomi.service.MemberService    : Generate member of email: test@gmail.com
1
]]></system-out>
  <system-err><![CDATA[]]></system-err>
</testsuite>
