<?xml version="1.0" encoding="UTF-8"?>
<testsuite name="io.wisoft.poomi.domain.program.classes.ClassProgramRepositoryTest" tests="2" skipped="0" failures="0" errors="0" timestamp="2021-08-30T04:44:43" hostname="DESKTOP-5UTSPQ7" time="0.041">
  <properties/>
  <testcase name="클래스 프로그램 삭제 테스트" classname="io.wisoft.poomi.domain.program.classes.ClassProgramRepositoryTest" time="0.028"/>
  <testcase name="클래스 프로그램 생성 테스트" classname="io.wisoft.poomi.domain.program.classes.ClassProgramRepositoryTest" time="0.013"/>
  <system-out><![CDATA[2021-08-30 13:44:43.138  INFO 9696 --- [    Test worker] b.t.a.o.j.DataJpaTestContextBootstrapper : Neither @ContextConfiguration nor @ContextHierarchy found for test class [io.wisoft.poomi.domain.program.classes.ClassProgramRepositoryTest], using SpringBootContextLoader
2021-08-30 13:44:43.154  INFO 9696 --- [    Test worker] o.s.t.c.support.AbstractContextLoader    : Could not detect default resource locations for test class [io.wisoft.poomi.domain.program.classes.ClassProgramRepositoryTest]: no resource found for suffixes {-context.xml, Context.groovy}.
2021-08-30 13:44:43.154  INFO 9696 --- [    Test worker] t.c.s.AnnotationConfigContextLoaderUtils : Could not detect default configuration classes for test class [io.wisoft.poomi.domain.program.classes.ClassProgramRepositoryTest]: ClassProgramRepositoryTest does not declare any static, non-private, non-final, nested classes annotated with @Configuration.
2021-08-30 13:44:43.170  INFO 9696 --- [    Test worker] .b.t.c.SpringBootTestContextBootstrapper : Found @SpringBootConfiguration io.wisoft.poomi.PoomIApplication for test class io.wisoft.poomi.domain.program.classes.ClassProgramRepositoryTest
2021-08-30 13:44:43.170  INFO 9696 --- [    Test worker] b.t.a.o.j.DataJpaTestContextBootstrapper : Loaded default TestExecutionListener class names from location [META-INF/spring.factories]: [org.springframework.security.test.context.support.WithSecurityContextTestExecutionListener, org.springframework.security.test.context.support.ReactorContextTestExecutionListener, org.springframework.boot.test.autoconfigure.restdocs.RestDocsTestExecutionListener, org.springframework.boot.test.autoconfigure.web.client.MockRestServiceServerResetTestExecutionListener, org.springframework.boot.test.autoconfigure.web.servlet.MockMvcPrintOnlyOnFailureTestExecutionListener, org.springframework.boot.test.autoconfigure.web.servlet.WebDriverTestExecutionListener, org.springframework.boot.test.autoconfigure.webservices.client.MockWebServiceServerTestExecutionListener, org.springframework.boot.test.mock.mockito.MockitoTestExecutionListener, org.springframework.boot.test.mock.mockito.ResetMocksTestExecutionListener, org.springframework.test.context.web.ServletTestExecutionListener, org.springframework.test.context.support.DirtiesContextBeforeModesTestExecutionListener, org.springframework.test.context.event.ApplicationEventsTestExecutionListener, org.springframework.test.context.support.DependencyInjectionTestExecutionListener, org.springframework.test.context.support.DirtiesContextTestExecutionListener, org.springframework.test.context.transaction.TransactionalTestExecutionListener, org.springframework.test.context.jdbc.SqlScriptsTestExecutionListener, org.springframework.test.context.event.EventPublishingTestExecutionListener]
2021-08-30 13:44:43.170  INFO 9696 --- [    Test worker] b.t.a.o.j.DataJpaTestContextBootstrapper : Using TestExecutionListeners: [org.springframework.test.context.web.ServletTestExecutionListener@73939d54, org.springframework.test.context.support.DirtiesContextBeforeModesTestExecutionListener@380e3e01, org.springframework.test.context.event.ApplicationEventsTestExecutionListener@4954b61, org.springframework.boot.test.mock.mockito.MockitoTestExecutionListener@396c7a82, org.springframework.boot.test.autoconfigure.SpringBootDependencyInjectionTestExecutionListener@56fa39c6, org.springframework.test.context.support.DirtiesContextTestExecutionListener@1f4deb2e, org.springframework.test.context.transaction.TransactionalTestExecutionListener@31ad75e5, org.springframework.test.context.jdbc.SqlScriptsTestExecutionListener@6b4fb138, org.springframework.security.test.context.support.WithSecurityContextTestExecutionListener@6c7c919e, org.springframework.test.context.event.EventPublishingTestExecutionListener@1c9803a4, org.springframework.security.test.context.support.ReactorContextTestExecutionListener@46405f8f, org.springframework.boot.test.autoconfigure.restdocs.RestDocsTestExecutionListener@5010f00e, org.springframework.boot.test.autoconfigure.web.client.MockRestServiceServerResetTestExecutionListener@58e86bf3, org.springframework.boot.test.autoconfigure.web.servlet.MockMvcPrintOnlyOnFailureTestExecutionListener@4b1c669, org.springframework.boot.test.autoconfigure.web.servlet.WebDriverTestExecutionListener@40c94d57, org.springframework.boot.test.autoconfigure.webservices.client.MockWebServiceServerTestExecutionListener@178e55c0, org.springframework.boot.test.mock.mockito.ResetMocksTestExecutionListener@c220331]

  .   ____          _            __ _ _
 /\\ / ___'_ __ _ _(_)_ __  __ _ \ \ \ \
( ( )\___ | '_ | '_| | '_ \/ _` | \ \ \ \
 \\/  ___)| |_)| | | | | || (_| |  ) ) ) )
  '  |____| .__|_| |_|_| |_\__, | / / / /
 =========|_|==============|___/=/_/_/_/
 :: Spring Boot ::                (v2.5.2)

2021-08-30 13:44:43.216  INFO 9696 --- [    Test worker] i.w.p.d.p.c.ClassProgramRepositoryTest   : Starting ClassProgramRepositoryTest using Java 11 on DESKTOP-5UTSPQ7 with PID 9696 (started by user in C:\Users\user\IdeaProjects\Capstone-Project-Poom-I)
2021-08-30 13:44:43.216  INFO 9696 --- [    Test worker] i.w.p.d.p.c.ClassProgramRepositoryTest   : The following profiles are active: oauth,dev
2021-08-30 13:44:43.403  INFO 9696 --- [    Test worker] .s.d.r.c.RepositoryConfigurationDelegate : Bootstrapping Spring Data JPA repositories in DEFAULT mode.
2021-08-30 13:44:43.466  INFO 9696 --- [    Test worker] .s.d.r.c.RepositoryConfigurationDelegate : Finished Spring Data repository scanning in 60 ms. Found 8 JPA repository interfaces.
2021-08-30 13:44:43.466  INFO 9696 --- [    Test worker] beddedDataSourceBeanFactoryPostProcessor : Replacing 'dataSource' DataSource bean with embedded version
2021-08-30 13:44:43.529  INFO 9696 --- [    Test worker] o.s.j.d.e.EmbeddedDatabaseFactory        : Starting embedded database: url='jdbc:h2:mem:4b378fd4-4c69-4b96-bda3-5d2e74406dc6;DB_CLOSE_DELAY=-1;DB_CLOSE_ON_EXIT=false', username='sa'
2021-08-30 13:44:43.623  INFO 9696 --- [    Test worker] o.hibernate.jpa.internal.util.LogHelper  : HHH000204: Processing PersistenceUnitInfo [name: default]
2021-08-30 13:44:43.623  INFO 9696 --- [    Test worker] org.hibernate.dialect.Dialect            : HHH000400: Using dialect: org.hibernate.dialect.H2Dialect
Hibernate: 
    
    alter table child 
       add column child_id bigint
Hibernate: 
    
    create table class_likes (
       class_id bigint not null,
        member_id bigint not null
    )
Hibernate: create sequence ad_tag_sequence start with 1 increment by 1
Hibernate: create sequence address_sequence start with 1 increment by 1
Hibernate: create sequence child_sequence start with 1 increment by 1
Hibernate: create sequence childminder_info_seq start with 1 increment by 1
Hibernate: create sequence class_sequence start with 1 increment by 1
Hibernate: create sequence hibernate_sequence start with 1 increment by 1
Hibernate: create sequence member_sequence start with 1 increment by 1
Hibernate: create sequence refresh_token_sequence start with 1 increment by 1
Hibernate: create sequence sms_certification_sequence start with 1 increment by 1
Hibernate: 
    
    alter table child 
       add constraint FKr8nk7sxrigxffxypg011a3q65 
       foreign key (child_id) 
       references member
Hibernate: 
    
    alter table class_likes 
       add constraint FK62m5ipqeg4wcw6581apbip5vk 
       foreign key (member_id) 
       references member
Hibernate: 
    
    alter table class_likes 
       add constraint FKcocfo4nnrugbsd779omd6721h 
       foreign key (class_id) 
       references class_program
2021-08-30 13:44:43.779  INFO 9696 --- [    Test worker] o.h.e.t.j.p.i.JtaPlatformInitiator       : HHH000490: Using JtaPlatform implementation: [org.hibernate.engine.transaction.jta.platform.internal.NoJtaPlatform]
2021-08-30 13:44:43.779  INFO 9696 --- [    Test worker] j.LocalContainerEntityManagerFactoryBean : Initialized JPA EntityManagerFactory for persistence unit 'default'
2021-08-30 13:44:43.935  INFO 9696 --- [    Test worker] i.w.p.d.p.c.ClassProgramRepositoryTest   : Started ClassProgramRepositoryTest in 0.756 seconds (JVM running for 13.163)
Hibernate: 
    call next value for ad_tag_sequence
Hibernate: 
    insert 
    into
        address_tag
        (extra_address, id) 
    values
        (?, ?)
Hibernate: 
    call next value for address_sequence
Hibernate: 
    insert 
    into
        address
        (ad_tag_id, detail_address, post_code, id) 
    values
        (?, ?, ?, ?)
Hibernate: 
    select
        authority0_.id as id1_2_0_,
        authority0_.authority as authorit2_2_0_ 
    from
        authority authority0_ 
    where
        authority0_.id=?
Hibernate: 
    call next value for member_sequence
Hibernate: 
    insert 
    into
        member
        (address_id, cm_info_id, email, gender, name, nick, password, phone_number, id) 
    values
        (?, ?, ?, ?, ?, ?, ?, ?, ?)
Hibernate: 
    insert 
    into
        member_authority
        (member_id, authority_id) 
    values
        (?, ?)
2021-08-30 13:44:43.951  INFO 9696 --- [    Test worker] o.s.t.c.transaction.TransactionContext   : Began transaction (1) for test context [DefaultTestContext@4bfeb36e testClass = ClassProgramRepositoryTest, testInstance = io.wisoft.poomi.domain.program.classes.ClassProgramRepositoryTest@685e856b, testMethod = delete_class_program@ClassProgramRepositoryTest, testException = [null], mergedContextConfiguration = [MergedContextConfiguration@64403d2d testClass = ClassProgramRepositoryTest, locations = '{}', classes = '{class io.wisoft.poomi.PoomIApplication}', contextInitializerClasses = '[]', activeProfiles = '{}', propertySourceLocations = '{}', propertySourceProperties = '{org.springframework.boot.test.autoconfigure.orm.jpa.DataJpaTestContextBootstrapper=true}', contextCustomizers = set[org.springframework.boot.test.autoconfigure.OverrideAutoConfigurationContextCustomizerFactory$DisableAutoConfigurationContextCustomizer@75fdb3bc, org.springframework.boot.test.autoconfigure.actuate.metrics.MetricsExportContextCustomizerFactory$DisableMetricExportContextCustomizer@598351dc, org.springframework.boot.test.autoconfigure.filter.TypeExcludeFiltersContextCustomizer@d087d7a8, org.springframework.boot.test.autoconfigure.properties.PropertyMappingContextCustomizer@f7fb98ad, org.springframework.boot.test.autoconfigure.web.servlet.WebDriverContextCustomizerFactory$Customizer@312a4425, [ImportsContextCustomizer@d8c58ef key = [org.springframework.boot.autoconfigure.cache.CacheAutoConfiguration, org.springframework.boot.autoconfigure.data.jpa.JpaRepositoriesAutoConfiguration, org.springframework.boot.autoconfigure.flyway.FlywayAutoConfiguration, org.springframework.boot.autoconfigure.jdbc.DataSourceAutoConfiguration, org.springframework.boot.autoconfigure.jdbc.DataSourceTransactionManagerAutoConfiguration, org.springframework.boot.autoconfigure.jdbc.JdbcTemplateAutoConfiguration, org.springframework.boot.autoconfigure.liquibase.LiquibaseAutoConfiguration, org.springframework.boot.autoconfigure.orm.jpa.HibernateJpaAutoConfiguration, org.springframework.boot.autoconfigure.sql.init.SqlInitializationAutoConfiguration, org.springframework.boot.autoconfigure.transaction.TransactionAutoConfiguration, org.springframework.boot.test.autoconfigure.jdbc.TestDatabaseAutoConfiguration, org.springframework.boot.test.autoconfigure.orm.jpa.TestEntityManagerAutoConfiguration]], org.springframework.boot.test.context.filter.ExcludeFilterContextCustomizer@4a4ffb2f, org.springframework.boot.test.json.DuplicateJsonObjectContextCustomizerFactory$DuplicateJsonObjectContextCustomizer@3f73dc62, org.springframework.boot.test.mock.mockito.MockitoContextCustomizer@0, org.springframework.boot.test.context.SpringBootTestArgs@1, org.springframework.boot.test.context.SpringBootTestWebEnvironment@0], contextLoader = 'org.springframework.boot.test.context.SpringBootContextLoader', parent = [null]], attributes = map['org.springframework.test.context.event.ApplicationEventsTestExecutionListener.recordApplicationEvents' -> false]]; transaction manager [org.springframework.orm.jpa.JpaTransactionManager@7479aa77]; rollback [true]
Hibernate: 
    call next value for class_sequence
2021-08-30 13:44:43.967  INFO 9696 --- [    Test worker] o.s.t.c.transaction.TransactionContext   : Rolled back transaction for test: [DefaultTestContext@4bfeb36e testClass = ClassProgramRepositoryTest, testInstance = io.wisoft.poomi.domain.program.classes.ClassProgramRepositoryTest@685e856b, testMethod = delete_class_program@ClassProgramRepositoryTest, testException = [null], mergedContextConfiguration = [MergedContextConfiguration@64403d2d testClass = ClassProgramRepositoryTest, locations = '{}', classes = '{class io.wisoft.poomi.PoomIApplication}', contextInitializerClasses = '[]', activeProfiles = '{}', propertySourceLocations = '{}', propertySourceProperties = '{org.springframework.boot.test.autoconfigure.orm.jpa.DataJpaTestContextBootstrapper=true}', contextCustomizers = set[org.springframework.boot.test.autoconfigure.OverrideAutoConfigurationContextCustomizerFactory$DisableAutoConfigurationContextCustomizer@75fdb3bc, org.springframework.boot.test.autoconfigure.actuate.metrics.MetricsExportContextCustomizerFactory$DisableMetricExportContextCustomizer@598351dc, org.springframework.boot.test.autoconfigure.filter.TypeExcludeFiltersContextCustomizer@d087d7a8, org.springframework.boot.test.autoconfigure.properties.PropertyMappingContextCustomizer@f7fb98ad, org.springframework.boot.test.autoconfigure.web.servlet.WebDriverContextCustomizerFactory$Customizer@312a4425, [ImportsContextCustomizer@d8c58ef key = [org.springframework.boot.autoconfigure.cache.CacheAutoConfiguration, org.springframework.boot.autoconfigure.data.jpa.JpaRepositoriesAutoConfiguration, org.springframework.boot.autoconfigure.flyway.FlywayAutoConfiguration, org.springframework.boot.autoconfigure.jdbc.DataSourceAutoConfiguration, org.springframework.boot.autoconfigure.jdbc.DataSourceTransactionManagerAutoConfiguration, org.springframework.boot.autoconfigure.jdbc.JdbcTemplateAutoConfiguration, org.springframework.boot.autoconfigure.liquibase.LiquibaseAutoConfiguration, org.springframework.boot.autoconfigure.orm.jpa.HibernateJpaAutoConfiguration, org.springframework.boot.autoconfigure.sql.init.SqlInitializationAutoConfiguration, org.springframework.boot.autoconfigure.transaction.TransactionAutoConfiguration, org.springframework.boot.test.autoconfigure.jdbc.TestDatabaseAutoConfiguration, org.springframework.boot.test.autoconfigure.orm.jpa.TestEntityManagerAutoConfiguration]], org.springframework.boot.test.context.filter.ExcludeFilterContextCustomizer@4a4ffb2f, org.springframework.boot.test.json.DuplicateJsonObjectContextCustomizerFactory$DuplicateJsonObjectContextCustomizer@3f73dc62, org.springframework.boot.test.mock.mockito.MockitoContextCustomizer@0, org.springframework.boot.test.context.SpringBootTestArgs@1, org.springframework.boot.test.context.SpringBootTestWebEnvironment@0], contextLoader = 'org.springframework.boot.test.context.SpringBootContextLoader', parent = [null]], attributes = map['org.springframework.test.context.event.ApplicationEventsTestExecutionListener.recordApplicationEvents' -> false]]
2021-08-30 13:44:43.982  INFO 9696 --- [    Test worker] o.s.t.c.transaction.TransactionContext   : Began transaction (1) for test context [DefaultTestContext@4bfeb36e testClass = ClassProgramRepositoryTest, testInstance = io.wisoft.poomi.domain.program.classes.ClassProgramRepositoryTest@685e856b, testMethod = creation_class_program@ClassProgramRepositoryTest, testException = [null], mergedContextConfiguration = [MergedContextConfiguration@64403d2d testClass = ClassProgramRepositoryTest, locations = '{}', classes = '{class io.wisoft.poomi.PoomIApplication}', contextInitializerClasses = '[]', activeProfiles = '{}', propertySourceLocations = '{}', propertySourceProperties = '{org.springframework.boot.test.autoconfigure.orm.jpa.DataJpaTestContextBootstrapper=true}', contextCustomizers = set[org.springframework.boot.test.autoconfigure.OverrideAutoConfigurationContextCustomizerFactory$DisableAutoConfigurationContextCustomizer@75fdb3bc, org.springframework.boot.test.autoconfigure.actuate.metrics.MetricsExportContextCustomizerFactory$DisableMetricExportContextCustomizer@598351dc, org.springframework.boot.test.autoconfigure.filter.TypeExcludeFiltersContextCustomizer@d087d7a8, org.springframework.boot.test.autoconfigure.properties.PropertyMappingContextCustomizer@f7fb98ad, org.springframework.boot.test.autoconfigure.web.servlet.WebDriverContextCustomizerFactory$Customizer@312a4425, [ImportsContextCustomizer@d8c58ef key = [org.springframework.boot.autoconfigure.cache.CacheAutoConfiguration, org.springframework.boot.autoconfigure.data.jpa.JpaRepositoriesAutoConfiguration, org.springframework.boot.autoconfigure.flyway.FlywayAutoConfiguration, org.springframework.boot.autoconfigure.jdbc.DataSourceAutoConfiguration, org.springframework.boot.autoconfigure.jdbc.DataSourceTransactionManagerAutoConfiguration, org.springframework.boot.autoconfigure.jdbc.JdbcTemplateAutoConfiguration, org.springframework.boot.autoconfigure.liquibase.LiquibaseAutoConfiguration, org.springframework.boot.autoconfigure.orm.jpa.HibernateJpaAutoConfiguration, org.springframework.boot.autoconfigure.sql.init.SqlInitializationAutoConfiguration, org.springframework.boot.autoconfigure.transaction.TransactionAutoConfiguration, org.springframework.boot.test.autoconfigure.jdbc.TestDatabaseAutoConfiguration, org.springframework.boot.test.autoconfigure.orm.jpa.TestEntityManagerAutoConfiguration]], org.springframework.boot.test.context.filter.ExcludeFilterContextCustomizer@4a4ffb2f, org.springframework.boot.test.json.DuplicateJsonObjectContextCustomizerFactory$DuplicateJsonObjectContextCustomizer@3f73dc62, org.springframework.boot.test.mock.mockito.MockitoContextCustomizer@0, org.springframework.boot.test.context.SpringBootTestArgs@1, org.springframework.boot.test.context.SpringBootTestWebEnvironment@0], contextLoader = 'org.springframework.boot.test.context.SpringBootContextLoader', parent = [null]], attributes = map['org.springframework.test.context.event.ApplicationEventsTestExecutionListener.recordApplicationEvents' -> false]]; transaction manager [org.springframework.orm.jpa.JpaTransactionManager@7479aa77]; rollback [true]
Hibernate: 
    call next value for class_sequence
2021-08-30T13:44:43.982752800
2021-08-30 13:44:43.982  INFO 9696 --- [    Test worker] o.s.t.c.transaction.TransactionContext   : Rolled back transaction for test: [DefaultTestContext@4bfeb36e testClass = ClassProgramRepositoryTest, testInstance = io.wisoft.poomi.domain.program.classes.ClassProgramRepositoryTest@685e856b, testMethod = creation_class_program@ClassProgramRepositoryTest, testException = [null], mergedContextConfiguration = [MergedContextConfiguration@64403d2d testClass = ClassProgramRepositoryTest, locations = '{}', classes = '{class io.wisoft.poomi.PoomIApplication}', contextInitializerClasses = '[]', activeProfiles = '{}', propertySourceLocations = '{}', propertySourceProperties = '{org.springframework.boot.test.autoconfigure.orm.jpa.DataJpaTestContextBootstrapper=true}', contextCustomizers = set[org.springframework.boot.test.autoconfigure.OverrideAutoConfigurationContextCustomizerFactory$DisableAutoConfigurationContextCustomizer@75fdb3bc, org.springframework.boot.test.autoconfigure.actuate.metrics.MetricsExportContextCustomizerFactory$DisableMetricExportContextCustomizer@598351dc, org.springframework.boot.test.autoconfigure.filter.TypeExcludeFiltersContextCustomizer@d087d7a8, org.springframework.boot.test.autoconfigure.properties.PropertyMappingContextCustomizer@f7fb98ad, org.springframework.boot.test.autoconfigure.web.servlet.WebDriverContextCustomizerFactory$Customizer@312a4425, [ImportsContextCustomizer@d8c58ef key = [org.springframework.boot.autoconfigure.cache.CacheAutoConfiguration, org.springframework.boot.autoconfigure.data.jpa.JpaRepositoriesAutoConfiguration, org.springframework.boot.autoconfigure.flyway.FlywayAutoConfiguration, org.springframework.boot.autoconfigure.jdbc.DataSourceAutoConfiguration, org.springframework.boot.autoconfigure.jdbc.DataSourceTransactionManagerAutoConfiguration, org.springframework.boot.autoconfigure.jdbc.JdbcTemplateAutoConfiguration, org.springframework.boot.autoconfigure.liquibase.LiquibaseAutoConfiguration, org.springframework.boot.autoconfigure.orm.jpa.HibernateJpaAutoConfiguration, org.springframework.boot.autoconfigure.sql.init.SqlInitializationAutoConfiguration, org.springframework.boot.autoconfigure.transaction.TransactionAutoConfiguration, org.springframework.boot.test.autoconfigure.jdbc.TestDatabaseAutoConfiguration, org.springframework.boot.test.autoconfigure.orm.jpa.TestEntityManagerAutoConfiguration]], org.springframework.boot.test.context.filter.ExcludeFilterContextCustomizer@4a4ffb2f, org.springframework.boot.test.json.DuplicateJsonObjectContextCustomizerFactory$DuplicateJsonObjectContextCustomizer@3f73dc62, org.springframework.boot.test.mock.mockito.MockitoContextCustomizer@0, org.springframework.boot.test.context.SpringBootTestArgs@1, org.springframework.boot.test.context.SpringBootTestWebEnvironment@0], contextLoader = 'org.springframework.boot.test.context.SpringBootContextLoader', parent = [null]], attributes = map['org.springframework.test.context.event.ApplicationEventsTestExecutionListener.recordApplicationEvents' -> false]]
]]></system-out>
  <system-err><![CDATA[]]></system-err>
</testsuite>
