<?xml version="1.0" encoding="UTF-8"?>
<testsuite name="io.wisoft.poomi.controller.HelloControllerTest" tests="1" skipped="1" failures="0" errors="0" timestamp="2021-08-30T04:44:43" hostname="DESKTOP-5UTSPQ7" time="0.0">
  <properties/>
  <testcase name="return_hello_string()" classname="io.wisoft.poomi.controller.HelloControllerTest" time="0.0">
    <skipped/>
  </testcase>
  <system-out><![CDATA[2021-08-30 13:44:43.138  INFO 9696 --- [    Test worker] .b.t.c.SpringBootTestContextBootstrapper : Neither @ContextConfiguration nor @ContextHierarchy found for test class [io.wisoft.poomi.controller.HelloControllerTest], using SpringBootContextLoader
2021-08-30 13:44:43.138  INFO 9696 --- [    Test worker] o.s.t.c.support.AbstractContextLoader    : Could not detect default resource locations for test class [io.wisoft.poomi.controller.HelloControllerTest]: no resource found for suffixes {-context.xml, Context.groovy}.
2021-08-30 13:44:43.138  INFO 9696 --- [    Test worker] t.c.s.AnnotationConfigContextLoaderUtils : Could not detect default configuration classes for test class [io.wisoft.poomi.controller.HelloControllerTest]: HelloControllerTest does not declare any static, non-private, non-final, nested classes annotated with @Configuration.
2021-08-30 13:44:43.138  INFO 9696 --- [    Test worker] .b.t.c.SpringBootTestContextBootstrapper : Found @SpringBootConfiguration io.wisoft.poomi.PoomIApplication for test class io.wisoft.poomi.controller.HelloControllerTest
2021-08-30 13:44:43.138  INFO 9696 --- [    Test worker] .b.t.c.SpringBootTestContextBootstrapper : Loaded default TestExecutionListener class names from location [META-INF/spring.factories]: [org.springframework.security.test.context.support.WithSecurityContextTestExecutionListener, org.springframework.security.test.context.support.ReactorContextTestExecutionListener, org.springframework.boot.test.autoconfigure.restdocs.RestDocsTestExecutionListener, org.springframework.boot.test.autoconfigure.web.client.MockRestServiceServerResetTestExecutionListener, org.springframework.boot.test.autoconfigure.web.servlet.MockMvcPrintOnlyOnFailureTestExecutionListener, org.springframework.boot.test.autoconfigure.web.servlet.WebDriverTestExecutionListener, org.springframework.boot.test.autoconfigure.webservices.client.MockWebServiceServerTestExecutionListener, org.springframework.boot.test.mock.mockito.MockitoTestExecutionListener, org.springframework.boot.test.mock.mockito.ResetMocksTestExecutionListener, org.springframework.test.context.web.ServletTestExecutionListener, org.springframework.test.context.support.DirtiesContextBeforeModesTestExecutionListener, org.springframework.test.context.event.ApplicationEventsTestExecutionListener, org.springframework.test.context.support.DependencyInjectionTestExecutionListener, org.springframework.test.context.support.DirtiesContextTestExecutionListener, org.springframework.test.context.transaction.TransactionalTestExecutionListener, org.springframework.test.context.jdbc.SqlScriptsTestExecutionListener, org.springframework.test.context.event.EventPublishingTestExecutionListener]
2021-08-30 13:44:43.138  INFO 9696 --- [    Test worker] .b.t.c.SpringBootTestContextBootstrapper : Using TestExecutionListeners: [org.springframework.test.context.web.ServletTestExecutionListener@2982a503, org.springframework.test.context.support.DirtiesContextBeforeModesTestExecutionListener@3f1bf82d, org.springframework.test.context.event.ApplicationEventsTestExecutionListener@793039cd, org.springframework.boot.test.mock.mockito.MockitoTestExecutionListener@1a3e06f0, org.springframework.boot.test.autoconfigure.SpringBootDependencyInjectionTestExecutionListener@26a81209, org.springframework.test.context.support.DirtiesContextTestExecutionListener@46925c61, org.springframework.test.context.transaction.TransactionalTestExecutionListener@3e94eb2f, org.springframework.test.context.jdbc.SqlScriptsTestExecutionListener@5477638b, org.springframework.security.test.context.support.WithSecurityContextTestExecutionListener@32291b56, org.springframework.test.context.event.EventPublishingTestExecutionListener@660c2826, org.springframework.security.test.context.support.ReactorContextTestExecutionListener@7f586a5b, org.springframework.boot.test.autoconfigure.restdocs.RestDocsTestExecutionListener@105c3500, org.springframework.boot.test.autoconfigure.web.client.MockRestServiceServerResetTestExecutionListener@6a556ff6, org.springframework.boot.test.autoconfigure.web.servlet.MockMvcPrintOnlyOnFailureTestExecutionListener@6d9f2782, org.springframework.boot.test.autoconfigure.web.servlet.WebDriverTestExecutionListener@512992d8, org.springframework.boot.test.autoconfigure.webservices.client.MockWebServiceServerTestExecutionListener@202c49c8, org.springframework.boot.test.mock.mockito.ResetMocksTestExecutionListener@6147b8e4]
]]></system-out>
  <system-err><![CDATA[]]></system-err>
</testsuite>
