<?xml version="1.0" encoding="UTF-8"?>
<testsuite name="io.wisoft.poomi.service.SmsServiceTest" tests="1" skipped="1" failures="0" errors="0" timestamp="2021-08-30T04:44:44" hostname="DESKTOP-5UTSPQ7" time="0.0">
  <properties/>
  <testcase name="sms_test()" classname="io.wisoft.poomi.service.SmsServiceTest" time="0.0">
    <skipped/>
  </testcase>
  <system-out><![CDATA[2021-08-30 13:44:43.982  INFO 9696 --- [    Test worker] .b.t.c.SpringBootTestContextBootstrapper : Neither @ContextConfiguration nor @ContextHierarchy found for test class [io.wisoft.poomi.service.SmsServiceTest], using SpringBootContextLoader
2021-08-30 13:44:43.998  INFO 9696 --- [    Test worker] o.s.t.c.support.AbstractContextLoader    : Could not detect default resource locations for test class [io.wisoft.poomi.service.SmsServiceTest]: no resource found for suffixes {-context.xml, Context.groovy}.
2021-08-30 13:44:43.998  INFO 9696 --- [    Test worker] t.c.s.AnnotationConfigContextLoaderUtils : Could not detect default configuration classes for test class [io.wisoft.poomi.service.SmsServiceTest]: SmsServiceTest does not declare any static, non-private, non-final, nested classes annotated with @Configuration.
2021-08-30 13:44:43.998  INFO 9696 --- [    Test worker] .b.t.c.SpringBootTestContextBootstrapper : Found @SpringBootConfiguration io.wisoft.poomi.PoomIApplication for test class io.wisoft.poomi.service.SmsServiceTest
2021-08-30 13:44:43.998  INFO 9696 --- [    Test worker] .b.t.c.SpringBootTestContextBootstrapper : Loaded default TestExecutionListener class names from location [META-INF/spring.factories]: [org.springframework.security.test.context.support.WithSecurityContextTestExecutionListener, org.springframework.security.test.context.support.ReactorContextTestExecutionListener, org.springframework.boot.test.autoconfigure.restdocs.RestDocsTestExecutionListener, org.springframework.boot.test.autoconfigure.web.client.MockRestServiceServerResetTestExecutionListener, org.springframework.boot.test.autoconfigure.web.servlet.MockMvcPrintOnlyOnFailureTestExecutionListener, org.springframework.boot.test.autoconfigure.web.servlet.WebDriverTestExecutionListener, org.springframework.boot.test.autoconfigure.webservices.client.MockWebServiceServerTestExecutionListener, org.springframework.boot.test.mock.mockito.MockitoTestExecutionListener, org.springframework.boot.test.mock.mockito.ResetMocksTestExecutionListener, org.springframework.test.context.web.ServletTestExecutionListener, org.springframework.test.context.support.DirtiesContextBeforeModesTestExecutionListener, org.springframework.test.context.event.ApplicationEventsTestExecutionListener, org.springframework.test.context.support.DependencyInjectionTestExecutionListener, org.springframework.test.context.support.DirtiesContextTestExecutionListener, org.springframework.test.context.transaction.TransactionalTestExecutionListener, org.springframework.test.context.jdbc.SqlScriptsTestExecutionListener, org.springframework.test.context.event.EventPublishingTestExecutionListener]
2021-08-30 13:44:43.998  INFO 9696 --- [    Test worker] .b.t.c.SpringBootTestContextBootstrapper : Using TestExecutionListeners: [org.springframework.test.context.web.ServletTestExecutionListener@7cc9484f, org.springframework.test.context.support.DirtiesContextBeforeModesTestExecutionListener@11e7585f, org.springframework.test.context.event.ApplicationEventsTestExecutionListener@2fb44af7, org.springframework.boot.test.mock.mockito.MockitoTestExecutionListener@3c728f7d, org.springframework.boot.test.autoconfigure.SpringBootDependencyInjectionTestExecutionListener@acf238c, org.springframework.test.context.support.DirtiesContextTestExecutionListener@2141b72a, org.springframework.test.context.transaction.TransactionalTestExecutionListener@2cafa207, org.springframework.test.context.jdbc.SqlScriptsTestExecutionListener@48ec988, org.springframework.security.test.context.support.WithSecurityContextTestExecutionListener@77ae59d6, org.springframework.test.context.event.EventPublishingTestExecutionListener@5b7a58ee, org.springframework.security.test.context.support.ReactorContextTestExecutionListener@a94661c, org.springframework.boot.test.autoconfigure.restdocs.RestDocsTestExecutionListener@78243c4f, org.springframework.boot.test.autoconfigure.web.client.MockRestServiceServerResetTestExecutionListener@7dc1aa74, org.springframework.boot.test.autoconfigure.web.servlet.MockMvcPrintOnlyOnFailureTestExecutionListener@7475300a, org.springframework.boot.test.autoconfigure.web.servlet.WebDriverTestExecutionListener@5df81c1e, org.springframework.boot.test.autoconfigure.webservices.client.MockWebServiceServerTestExecutionListener@4e795aa, org.springframework.boot.test.mock.mockito.ResetMocksTestExecutionListener@74051d48]
]]></system-out>
  <system-err><![CDATA[]]></system-err>
</testsuite>
