<?xml version="1.0" encoding="UTF-8"?>
<testsuite name="io.wisoft.poomi.service.SmsServiceTest" tests="1" skipped="1" failures="0" errors="0" timestamp="2021-08-27T02:46:27" hostname="DESKTOP-5UTSPQ7" time="0.0">
  <properties/>
  <testcase name="sms_test()" classname="io.wisoft.poomi.service.SmsServiceTest" time="0.0">
    <skipped/>
  </testcase>
  <system-out><![CDATA[2021-08-27 11:46:27.179  INFO 20584 --- [    Test worker] .b.t.c.SpringBootTestContextBootstrapper : Neither @ContextConfiguration nor @ContextHierarchy found for test class [io.wisoft.poomi.service.SmsServiceTest], using SpringBootContextLoader
2021-08-27 11:46:27.180  INFO 20584 --- [    Test worker] o.s.t.c.support.AbstractContextLoader    : Could not detect default resource locations for test class [io.wisoft.poomi.service.SmsServiceTest]: no resource found for suffixes {-context.xml, Context.groovy}.
2021-08-27 11:46:27.180  INFO 20584 --- [    Test worker] t.c.s.AnnotationConfigContextLoaderUtils : Could not detect default configuration classes for test class [io.wisoft.poomi.service.SmsServiceTest]: SmsServiceTest does not declare any static, non-private, non-final, nested classes annotated with @Configuration.
2021-08-27 11:46:27.183  INFO 20584 --- [    Test worker] .b.t.c.SpringBootTestContextBootstrapper : Found @SpringBootConfiguration io.wisoft.poomi.PoomIApplication for test class io.wisoft.poomi.service.SmsServiceTest
2021-08-27 11:46:27.184  INFO 20584 --- [    Test worker] .b.t.c.SpringBootTestContextBootstrapper : Loaded default TestExecutionListener class names from location [META-INF/spring.factories]: [org.springframework.security.test.context.support.WithSecurityContextTestExecutionListener, org.springframework.security.test.context.support.ReactorContextTestExecutionListener, org.springframework.boot.test.autoconfigure.restdocs.RestDocsTestExecutionListener, org.springframework.boot.test.autoconfigure.web.client.MockRestServiceServerResetTestExecutionListener, org.springframework.boot.test.autoconfigure.web.servlet.MockMvcPrintOnlyOnFailureTestExecutionListener, org.springframework.boot.test.autoconfigure.web.servlet.WebDriverTestExecutionListener, org.springframework.boot.test.autoconfigure.webservices.client.MockWebServiceServerTestExecutionListener, org.springframework.boot.test.mock.mockito.MockitoTestExecutionListener, org.springframework.boot.test.mock.mockito.ResetMocksTestExecutionListener, org.springframework.test.context.web.ServletTestExecutionListener, org.springframework.test.context.support.DirtiesContextBeforeModesTestExecutionListener, org.springframework.test.context.event.ApplicationEventsTestExecutionListener, org.springframework.test.context.support.DependencyInjectionTestExecutionListener, org.springframework.test.context.support.DirtiesContextTestExecutionListener, org.springframework.test.context.transaction.TransactionalTestExecutionListener, org.springframework.test.context.jdbc.SqlScriptsTestExecutionListener, org.springframework.test.context.event.EventPublishingTestExecutionListener]
2021-08-27 11:46:27.185  INFO 20584 --- [    Test worker] .b.t.c.SpringBootTestContextBootstrapper : Using TestExecutionListeners: [org.springframework.test.context.web.ServletTestExecutionListener@111eba11, org.springframework.test.context.support.DirtiesContextBeforeModesTestExecutionListener@281b872e, org.springframework.test.context.event.ApplicationEventsTestExecutionListener@71b2ee19, org.springframework.boot.test.mock.mockito.MockitoTestExecutionListener@4eaeb222, org.springframework.boot.test.autoconfigure.SpringBootDependencyInjectionTestExecutionListener@2a8457d4, org.springframework.test.context.support.DirtiesContextTestExecutionListener@5ed2875d, org.springframework.test.context.transaction.TransactionalTestExecutionListener@387668b8, org.springframework.test.context.jdbc.SqlScriptsTestExecutionListener@3f2f236, org.springframework.security.test.context.support.WithSecurityContextTestExecutionListener@bc02f6b, org.springframework.test.context.event.EventPublishingTestExecutionListener@41e2b921, org.springframework.security.test.context.support.ReactorContextTestExecutionListener@4a5a2a0d, org.springframework.boot.test.autoconfigure.restdocs.RestDocsTestExecutionListener@5e2d1232, org.springframework.boot.test.autoconfigure.web.client.MockRestServiceServerResetTestExecutionListener@541cc5eb, org.springframework.boot.test.autoconfigure.web.servlet.MockMvcPrintOnlyOnFailureTestExecutionListener@6355f8, org.springframework.boot.test.autoconfigure.web.servlet.WebDriverTestExecutionListener@1b721dbb, org.springframework.boot.test.autoconfigure.webservices.client.MockWebServiceServerTestExecutionListener@2d782065, org.springframework.boot.test.mock.mockito.ResetMocksTestExecutionListener@1ff99bbc]
]]></system-out>
  <system-err><![CDATA[]]></system-err>
</testsuite>
