<?xml version="1.0" encoding="UTF-8"?>
<testsuite name="io.wisoft.poomi.controller.ClassProgramControllerTest" tests="1" skipped="0" failures="0" errors="0" timestamp="2021-08-27T02:46:25" hostname="DESKTOP-5UTSPQ7" time="0.563">
  <properties/>
  <testcase name="테스트: 클래스 프로그램 전체 조회 api" classname="io.wisoft.poomi.controller.ClassProgramControllerTest" time="0.563"/>
  <system-out><![CDATA[2021-08-27 11:46:22.191  INFO 20584 --- [    Test worker] .b.t.c.SpringBootTestContextBootstrapper : Neither @ContextConfiguration nor @ContextHierarchy found for test class [io.wisoft.poomi.controller.ClassProgramControllerTest], using SpringBootContextLoader
2021-08-27 11:46:22.192  INFO 20584 --- [    Test worker] o.s.t.c.support.AbstractContextLoader    : Could not detect default resource locations for test class [io.wisoft.poomi.controller.ClassProgramControllerTest]: no resource found for suffixes {-context.xml, Context.groovy}.
2021-08-27 11:46:22.193  INFO 20584 --- [    Test worker] t.c.s.AnnotationConfigContextLoaderUtils : Could not detect default configuration classes for test class [io.wisoft.poomi.controller.ClassProgramControllerTest]: ClassProgramControllerTest does not declare any static, non-private, non-final, nested classes annotated with @Configuration.
2021-08-27 11:46:22.214  INFO 20584 --- [    Test worker] .b.t.c.SpringBootTestContextBootstrapper : Found @SpringBootConfiguration io.wisoft.poomi.PoomIApplication for test class io.wisoft.poomi.controller.ClassProgramControllerTest
2021-08-27 11:46:22.216  INFO 20584 --- [    Test worker] .b.t.c.SpringBootTestContextBootstrapper : Loaded default TestExecutionListener class names from location [META-INF/spring.factories]: [org.springframework.security.test.context.support.WithSecurityContextTestExecutionListener, org.springframework.security.test.context.support.ReactorContextTestExecutionListener, org.springframework.boot.test.autoconfigure.restdocs.RestDocsTestExecutionListener, org.springframework.boot.test.autoconfigure.web.client.MockRestServiceServerResetTestExecutionListener, org.springframework.boot.test.autoconfigure.web.servlet.MockMvcPrintOnlyOnFailureTestExecutionListener, org.springframework.boot.test.autoconfigure.web.servlet.WebDriverTestExecutionListener, org.springframework.boot.test.autoconfigure.webservices.client.MockWebServiceServerTestExecutionListener, org.springframework.boot.test.mock.mockito.MockitoTestExecutionListener, org.springframework.boot.test.mock.mockito.ResetMocksTestExecutionListener, org.springframework.test.context.web.ServletTestExecutionListener, org.springframework.test.context.support.DirtiesContextBeforeModesTestExecutionListener, org.springframework.test.context.event.ApplicationEventsTestExecutionListener, org.springframework.test.context.support.DependencyInjectionTestExecutionListener, org.springframework.test.context.support.DirtiesContextTestExecutionListener, org.springframework.test.context.transaction.TransactionalTestExecutionListener, org.springframework.test.context.jdbc.SqlScriptsTestExecutionListener, org.springframework.test.context.event.EventPublishingTestExecutionListener]
2021-08-27 11:46:22.219  INFO 20584 --- [    Test worker] .b.t.c.SpringBootTestContextBootstrapper : Using TestExecutionListeners: [org.springframework.test.context.web.ServletTestExecutionListener@371d3dd4, org.springframework.test.context.support.DirtiesContextBeforeModesTestExecutionListener@1e5696d6, org.springframework.test.context.event.ApplicationEventsTestExecutionListener@19ff3553, org.springframework.boot.test.mock.mockito.MockitoTestExecutionListener@9e462a5, org.springframework.boot.test.autoconfigure.SpringBootDependencyInjectionTestExecutionListener@57c91dd0, org.springframework.test.context.support.DirtiesContextTestExecutionListener@7d03d1d9, org.springframework.test.context.transaction.TransactionalTestExecutionListener@1d362687, org.springframework.test.context.jdbc.SqlScriptsTestExecutionListener@376d9ece, org.springframework.security.test.context.support.WithSecurityContextTestExecutionListener@2855326e, org.springframework.test.context.event.EventPublishingTestExecutionListener@4bbbb3a4, org.springframework.security.test.context.support.ReactorContextTestExecutionListener@6715b64a, org.springframework.boot.test.autoconfigure.restdocs.RestDocsTestExecutionListener@3c55cf88, org.springframework.boot.test.autoconfigure.web.client.MockRestServiceServerResetTestExecutionListener@3d925c2e, org.springframework.boot.test.autoconfigure.web.servlet.MockMvcPrintOnlyOnFailureTestExecutionListener@2ba2feab, org.springframework.boot.test.autoconfigure.web.servlet.WebDriverTestExecutionListener@61cfaa73, org.springframework.boot.test.autoconfigure.webservices.client.MockWebServiceServerTestExecutionListener@73f4004d, org.springframework.boot.test.mock.mockito.ResetMocksTestExecutionListener@5ca85131]

  .   ____          _            __ _ _
 /\\ / ___'_ __ _ _(_)_ __  __ _ \ \ \ \
( ( )\___ | '_ | '_| | '_ \/ _` | \ \ \ \
 \\/  ___)| |_)| | | | | || (_| |  ) ) ) )
  '  |____| .__|_| |_|_| |_\__, | / / / /
 =========|_|==============|___/=/_/_/_/
 :: Spring Boot ::                (v2.5.2)

2021-08-27 11:46:22.303  INFO 20584 --- [    Test worker] i.w.p.c.ClassProgramControllerTest       : Starting ClassProgramControllerTest using Java 11 on DESKTOP-5UTSPQ7 with PID 20584 (started by user in C:\Users\user\IdeaProjects\Capstone-Project-Poom-I)
2021-08-27 11:46:22.306  INFO 20584 --- [    Test worker] i.w.p.c.ClassProgramControllerTest       : The following profiles are active: oauth,dev
2021-08-27 11:46:22.755  INFO 20584 --- [    Test worker] .s.d.r.c.RepositoryConfigurationDelegate : Bootstrapping Spring Data JPA repositories in DEFAULT mode.
2021-08-27 11:46:22.873  INFO 20584 --- [    Test worker] .s.d.r.c.RepositoryConfigurationDelegate : Finished Spring Data repository scanning in 117 ms. Found 8 JPA repository interfaces.
2021-08-27 11:46:23.036  INFO 20584 --- [    Test worker] trationDelegate$BeanPostProcessorChecker : Bean 'org.springframework.security.access.expression.method.DefaultMethodSecurityExpressionHandler@11c6410e' of type [org.springframework.security.access.expression.method.DefaultMethodSecurityExpressionHandler] is not eligible for getting processed by all BeanPostProcessors (for example: not eligible for auto-proxying)
2021-08-27 11:46:23.056  INFO 20584 --- [    Test worker] trationDelegate$BeanPostProcessorChecker : Bean 'methodSecurityMetadataSource' of type [org.springframework.security.access.method.DelegatingMethodSecurityMetadataSource] is not eligible for getting processed by all BeanPostProcessors (for example: not eligible for auto-proxying)
2021-08-27 11:46:23.396  INFO 20584 --- [    Test worker] o.s.b.w.embedded.tomcat.TomcatWebServer  : Tomcat initialized with port(s): 0 (http)
2021-08-27 11:46:23.421  INFO 20584 --- [    Test worker] o.apache.catalina.core.StandardService   : Starting service [Tomcat]
2021-08-27 11:46:23.422  INFO 20584 --- [    Test worker] org.apache.catalina.core.StandardEngine  : Starting Servlet engine: [Apache Tomcat/9.0.48]
2021-08-27 11:46:23.711  INFO 20584 --- [    Test worker] o.a.c.c.C.[Tomcat].[localhost].[/]       : Initializing Spring embedded WebApplicationContext
2021-08-27 11:46:23.711  INFO 20584 --- [    Test worker] w.s.c.ServletWebServerApplicationContext : Root WebApplicationContext: initialization completed in 1402 ms
2021-08-27 11:46:23.764  INFO 20584 --- [    Test worker] com.zaxxer.hikari.HikariDataSource       : HikariPool-2 - Starting...
2021-08-27 11:46:23.766  INFO 20584 --- [    Test worker] com.zaxxer.hikari.HikariDataSource       : HikariPool-2 - Start completed.
2021-08-27 11:46:23.766  INFO 20584 --- [    Test worker] o.s.b.a.h2.H2ConsoleAutoConfiguration    : H2 console available at '/h2-console'. Database available at 'jdbc:h2:mem:testdb'
2021-08-27 11:46:24.066  INFO 20584 --- [    Test worker] o.hibernate.jpa.internal.util.LogHelper  : HHH000204: Processing PersistenceUnitInfo [name: default]
2021-08-27 11:46:24.080  INFO 20584 --- [    Test worker] org.hibernate.dialect.Dialect            : HHH000400: Using dialect: org.hibernate.dialect.H2Dialect
Hibernate: 
    
    alter table child 
       add column child_id bigint
Hibernate: 
    
    alter table child 
       add constraint FKr8nk7sxrigxffxypg011a3q65 
       foreign key (child_id) 
       references member
Hibernate: 
    
    alter table class_likes 
       add constraint FK62m5ipqeg4wcw6581apbip5vk 
       foreign key (member_id) 
       references member
Hibernate: 
    
    alter table class_likes 
       add constraint FKcocfo4nnrugbsd779omd6721h 
       foreign key (class_id) 
       references class_program
2021-08-27 11:46:24.396  INFO 20584 --- [    Test worker] o.h.e.t.j.p.i.JtaPlatformInitiator       : HHH000490: Using JtaPlatform implementation: [org.hibernate.engine.transaction.jta.platform.internal.NoJtaPlatform]
2021-08-27 11:46:24.397  INFO 20584 --- [    Test worker] j.LocalContainerEntityManagerFactoryBean : Initialized JPA EntityManagerFactory for persistence unit 'default'
2021-08-27 11:46:24.637  WARN 20584 --- [    Test worker] JpaBaseConfiguration$JpaWebConfiguration : spring.jpa.open-in-view is enabled by default. Therefore, database queries may be performed during view rendering. Explicitly configure spring.jpa.open-in-view to disable this warning
2021-08-27 11:46:24.926  INFO 20584 --- [    Test worker] o.s.s.web.DefaultSecurityFilterChain     : Will secure org.springframework.boot.autoconfigure.security.servlet.PathRequest$H2ConsoleRequestMatcher@31463cfc with []
2021-08-27 11:46:25.068  INFO 20584 --- [    Test worker] o.s.s.web.DefaultSecurityFilterChain     : Will secure any request with [org.springframework.security.web.context.request.async.WebAsyncManagerIntegrationFilter@55e19449, org.springframework.security.web.context.SecurityContextPersistenceFilter@53d13b80, org.springframework.security.web.header.HeaderWriterFilter@36895326, org.springframework.web.filter.CorsFilter@139bd229, org.springframework.security.web.authentication.logout.LogoutFilter@71a5f9aa, org.springframework.security.oauth2.client.web.OAuth2AuthorizationRequestRedirectFilter@6a722369, org.springframework.security.oauth2.client.web.OAuth2LoginAuthenticationFilter@4424fee1, io.wisoft.poomi.configures.security.jwt.JwtAuthenticationFilter@52c77c6d, org.springframework.security.web.savedrequest.RequestCacheAwareFilter@1daab1ca, org.springframework.security.web.servletapi.SecurityContextHolderAwareRequestFilter@61c6d13a, org.springframework.security.web.authentication.AnonymousAuthenticationFilter@29556437, org.springframework.security.web.session.SessionManagementFilter@78b65904, org.springframework.security.web.access.ExceptionTranslationFilter@265d1d05, org.springframework.security.web.access.intercept.FilterSecurityInterceptor@5b7b8b4b]
2021-08-27 11:46:25.069  WARN 20584 --- [    Test worker] o.s.s.c.a.web.builders.WebSecurity       : 

********************************************************************
**********        Security debugging is enabled.       *************
**********    This may include sensitive information.  *************
**********      Do not use in a production system!     *************
********************************************************************


2021-08-27 11:46:25.486  INFO 20584 --- [    Test worker] o.s.b.w.embedded.tomcat.TomcatWebServer  : Tomcat started on port(s): 64178 (http) with context path ''
2021-08-27 11:46:25.491  INFO 20584 --- [    Test worker] i.w.p.c.ClassProgramControllerTest       : Started ClassProgramControllerTest in 3.268 seconds (JVM running for 20.058)
Hibernate: 
    call next value for ad_tag_sequence
Hibernate: 
    insert 
    into
        address_tag
        (extra_address, id) 
    values
        (?, ?)
Hibernate: 
    call next value for address_sequence
Hibernate: 
    insert 
    into
        address
        (ad_tag_id, detail_address, post_code, id) 
    values
        (?, ?, ?, ?)
Hibernate: 
    select
        authority0_.id as id1_2_0_,
        authority0_.authority as authorit2_2_0_ 
    from
        authority authority0_ 
    where
        authority0_.id=?
Hibernate: 
    call next value for member_sequence
Hibernate: 
    insert 
    into
        member
        (address_id, cm_info_id, email, gender, name, nick, password, phone_number, id) 
    values
        (?, ?, ?, ?, ?, ?, ?, ?, ?)
Hibernate: 
    insert 
    into
        member_authority
        (member_id, authority_id) 
    values
        (?, ?)
Hibernate: 
    call next value for refresh_token_sequence
Hibernate: 
    insert 
    into
        refresh_token
        (member_email, refresh_token, id) 
    values
        (?, ?, ?)
Hibernate: 
    call next value for class_sequence
Hibernate: 
    call next value for class_sequence
Hibernate: 
    insert 
    into
        class_program
        (created_at, expired_at, modified_at, address_tag_id, capacity, contents, is_board, is_recruit, title, member_id, id) 
    values
        (?, ?, ?, ?, ?, ?, ?, ?, ?, ?, ?)
Hibernate: 
    insert 
    into
        class_program
        (created_at, expired_at, modified_at, address_tag_id, capacity, contents, is_board, is_recruit, title, member_id, id) 
    values
        (?, ?, ?, ?, ?, ?, ?, ?, ?, ?, ?)
2021-08-27 11:46:25.866  INFO 20584 --- [o-auto-1-exec-1] o.a.c.c.C.[Tomcat].[localhost].[/]       : Initializing Spring DispatcherServlet 'dispatcherServlet'
2021-08-27 11:46:25.867  INFO 20584 --- [o-auto-1-exec-1] o.s.web.servlet.DispatcherServlet        : Initializing Servlet 'dispatcherServlet'
2021-08-27 11:46:25.868  INFO 20584 --- [o-auto-1-exec-1] o.s.web.servlet.DispatcherServlet        : Completed initialization in 1 ms
2021-08-27 11:46:25.877  INFO 20584 --- [o-auto-1-exec-1] Spring Security Debugger                 : 

************************************************************

Request received for GET '/api/class':

org.apache.catalina.connector.RequestFacade@2646c9cc

servletPath:/api/class
pathInfo:null
headers: 
accept: application/json, application/*+json
authorization: Bearer eyJhbGciOiJIUzI1NiJ9.eyJzdWIiOiJ0ZXN0QGdtYWlsLmNvbSIsImF1dGgiOiJST0xFX1VTRVIiLCJleHAiOjE2MzAwMzQxODV9.ror2yhW2L54E3QR5p1LxBep9ixDY5EoxShUYG0liXc8
user-agent: Java/11
host: localhost:64178
connection: keep-alive


Security filter chain: [
  WebAsyncManagerIntegrationFilter
  SecurityContextPersistenceFilter
  HeaderWriterFilter
  CorsFilter
  LogoutFilter
  OAuth2AuthorizationRequestRedirectFilter
  OAuth2LoginAuthenticationFilter
  JwtAuthenticationFilter
  RequestCacheAwareFilter
  SecurityContextHolderAwareRequestFilter
  AnonymousAuthenticationFilter
  SessionManagementFilter
  ExceptionTranslationFilter
  FilterSecurityInterceptor
]


************************************************************


Hibernate: 
    select
        member0_.id as id1_8_,
        member0_.address_id as address_8_8_,
        member0_.cm_info_id as cm_info_9_8_,
        member0_.email as email2_8_,
        member0_.gender as gender3_8_,
        member0_.name as name4_8_,
        member0_.nick as nick5_8_,
        member0_.password as password6_8_,
        member0_.phone_number as phone_nu7_8_ 
    from
        member member0_ 
    where
        member0_.email=?
Hibernate: 
    select
        address0_.id as id1_0_0_,
        address0_.ad_tag_id as ad_tag_i4_0_0_,
        address0_.detail_address as detail_a2_0_0_,
        address0_.post_code as post_cod3_0_0_,
        addresstag1_.id as id1_1_1_,
        addresstag1_.extra_address as extra_ad2_1_1_ 
    from
        address address0_ 
    left outer join
        address_tag addresstag1_ 
            on address0_.ad_tag_id=addresstag1_.id 
    where
        address0_.id=?
Hibernate: 
    select
        authoritie0_.member_id as member_i1_9_0_,
        authoritie0_.authority_id as authorit2_9_0_,
        authority1_.id as id1_2_1_,
        authority1_.authority as authorit2_2_1_ 
    from
        member_authority authoritie0_ 
    inner join
        authority authority1_ 
            on authoritie0_.authority_id=authority1_.id 
    where
        authoritie0_.member_id=?
Hibernate: 
    select
        classprogr0_.id as id1_7_,
        classprogr0_.created_at as created_2_7_,
        classprogr0_.expired_at as expired_3_7_,
        classprogr0_.modified_at as modified4_7_,
        classprogr0_.address_tag_id as address10_7_,
        classprogr0_.capacity as capacity5_7_,
        classprogr0_.contents as contents6_7_,
        classprogr0_.is_board as is_board7_7_,
        classprogr0_.is_recruit as is_recru8_7_,
        classprogr0_.title as title9_7_,
        classprogr0_.member_id as member_11_7_ 
    from
        class_program classprogr0_ 
    where
        classprogr0_.address_tag_id=?
테스트
테스트2
]]></system-out>
  <system-err><![CDATA[]]></system-err>
</testsuite>
