<?xml version="1.0" encoding="UTF-8"?>
<testsuite name="io.wisoft.poomi.controller.ClassProgramControllerTest" tests="1" skipped="0" failures="0" errors="0" timestamp="2021-08-21T14:21:59" hostname="DESKTOP-5UTSPQ7" time="1.179">
  <properties/>
  <testcase name="테스트: 클래스 프로그램 전체 조회 api" classname="io.wisoft.poomi.controller.ClassProgramControllerTest" time="1.179"/>
  <system-out><![CDATA[23:21:50.131 [Test worker] DEBUG org.springframework.test.context.BootstrapUtils - Instantiating CacheAwareContextLoaderDelegate from class [org.springframework.test.context.cache.DefaultCacheAwareContextLoaderDelegate]
23:21:50.159 [Test worker] DEBUG org.springframework.test.context.BootstrapUtils - Instantiating BootstrapContext using constructor [public org.springframework.test.context.support.DefaultBootstrapContext(java.lang.Class,org.springframework.test.context.CacheAwareContextLoaderDelegate)]
23:21:50.220 [Test worker] DEBUG org.springframework.test.context.BootstrapUtils - Instantiating TestContextBootstrapper for test class [io.wisoft.poomi.controller.ClassProgramControllerTest] from class [org.springframework.boot.test.context.SpringBootTestContextBootstrapper]
23:21:50.247 [Test worker] INFO org.springframework.boot.test.context.SpringBootTestContextBootstrapper - Neither @ContextConfiguration nor @ContextHierarchy found for test class [io.wisoft.poomi.controller.ClassProgramControllerTest], using SpringBootContextLoader
23:21:50.256 [Test worker] DEBUG org.springframework.test.context.support.AbstractContextLoader - Did not detect default resource location for test class [io.wisoft.poomi.controller.ClassProgramControllerTest]: class path resource [io/wisoft/poomi/controller/ClassProgramControllerTest-context.xml] does not exist
23:21:50.257 [Test worker] DEBUG org.springframework.test.context.support.AbstractContextLoader - Did not detect default resource location for test class [io.wisoft.poomi.controller.ClassProgramControllerTest]: class path resource [io/wisoft/poomi/controller/ClassProgramControllerTestContext.groovy] does not exist
23:21:50.258 [Test worker] INFO org.springframework.test.context.support.AbstractContextLoader - Could not detect default resource locations for test class [io.wisoft.poomi.controller.ClassProgramControllerTest]: no resource found for suffixes {-context.xml, Context.groovy}.
23:21:50.259 [Test worker] INFO org.springframework.test.context.support.AnnotationConfigContextLoaderUtils - Could not detect default configuration classes for test class [io.wisoft.poomi.controller.ClassProgramControllerTest]: ClassProgramControllerTest does not declare any static, non-private, non-final, nested classes annotated with @Configuration.
23:21:50.335 [Test worker] DEBUG org.springframework.test.context.support.ActiveProfilesUtils - Could not find an 'annotation declaring class' for annotation type [org.springframework.test.context.ActiveProfiles] and class [io.wisoft.poomi.controller.ClassProgramControllerTest]
23:21:50.486 [Test worker] DEBUG org.springframework.context.annotation.ClassPathScanningCandidateComponentProvider - Identified candidate component class: file [C:\Users\user\IdeaProjects\Capstone-Project-Poom-I\build\classes\java\main\io\wisoft\poomi\PoomIApplication.class]
23:21:50.488 [Test worker] INFO org.springframework.boot.test.context.SpringBootTestContextBootstrapper - Found @SpringBootConfiguration io.wisoft.poomi.PoomIApplication for test class io.wisoft.poomi.controller.ClassProgramControllerTest
23:21:50.643 [Test worker] DEBUG org.springframework.boot.test.context.SpringBootTestContextBootstrapper - @TestExecutionListeners is not present for class [io.wisoft.poomi.controller.ClassProgramControllerTest]: using defaults.
23:21:50.643 [Test worker] INFO org.springframework.boot.test.context.SpringBootTestContextBootstrapper - Loaded default TestExecutionListener class names from location [META-INF/spring.factories]: [org.springframework.security.test.context.support.WithSecurityContextTestExecutionListener, org.springframework.security.test.context.support.ReactorContextTestExecutionListener, org.springframework.boot.test.autoconfigure.restdocs.RestDocsTestExecutionListener, org.springframework.boot.test.autoconfigure.web.client.MockRestServiceServerResetTestExecutionListener, org.springframework.boot.test.autoconfigure.web.servlet.MockMvcPrintOnlyOnFailureTestExecutionListener, org.springframework.boot.test.autoconfigure.web.servlet.WebDriverTestExecutionListener, org.springframework.boot.test.autoconfigure.webservices.client.MockWebServiceServerTestExecutionListener, org.springframework.boot.test.mock.mockito.MockitoTestExecutionListener, org.springframework.boot.test.mock.mockito.ResetMocksTestExecutionListener, org.springframework.test.context.web.ServletTestExecutionListener, org.springframework.test.context.support.DirtiesContextBeforeModesTestExecutionListener, org.springframework.test.context.event.ApplicationEventsTestExecutionListener, org.springframework.test.context.support.DependencyInjectionTestExecutionListener, org.springframework.test.context.support.DirtiesContextTestExecutionListener, org.springframework.test.context.transaction.TransactionalTestExecutionListener, org.springframework.test.context.jdbc.SqlScriptsTestExecutionListener, org.springframework.test.context.event.EventPublishingTestExecutionListener]
23:21:50.672 [Test worker] INFO org.springframework.boot.test.context.SpringBootTestContextBootstrapper - Using TestExecutionListeners: [org.springframework.test.context.web.ServletTestExecutionListener@76d44ee1, org.springframework.test.context.support.DirtiesContextBeforeModesTestExecutionListener@4bf24d50, org.springframework.test.context.event.ApplicationEventsTestExecutionListener@7d9f42d8, org.springframework.boot.test.mock.mockito.MockitoTestExecutionListener@243ce4bd, org.springframework.boot.test.autoconfigure.SpringBootDependencyInjectionTestExecutionListener@704b059d, org.springframework.test.context.support.DirtiesContextTestExecutionListener@298a4e09, org.springframework.test.context.transaction.TransactionalTestExecutionListener@2e045062, org.springframework.test.context.jdbc.SqlScriptsTestExecutionListener@6dde5013, org.springframework.security.test.context.support.WithSecurityContextTestExecutionListener@4511d7d8, org.springframework.test.context.event.EventPublishingTestExecutionListener@3e103375, org.springframework.security.test.context.support.ReactorContextTestExecutionListener@321bf395, org.springframework.boot.test.autoconfigure.restdocs.RestDocsTestExecutionListener@2dda730d, org.springframework.boot.test.autoconfigure.web.client.MockRestServiceServerResetTestExecutionListener@663ece79, org.springframework.boot.test.autoconfigure.web.servlet.MockMvcPrintOnlyOnFailureTestExecutionListener@590ad250, org.springframework.boot.test.autoconfigure.web.servlet.WebDriverTestExecutionListener@34e015bf, org.springframework.boot.test.autoconfigure.webservices.client.MockWebServiceServerTestExecutionListener@4a5c5a35, org.springframework.boot.test.mock.mockito.ResetMocksTestExecutionListener@5a811801]
23:21:50.678 [Test worker] DEBUG org.springframework.test.context.support.AbstractDirtiesContextTestExecutionListener - Before test class: context [DefaultTestContext@46b81aec testClass = ClassProgramControllerTest, testInstance = [null], testMethod = [null], testException = [null], mergedContextConfiguration = [WebMergedContextConfiguration@6c77f35e testClass = ClassProgramControllerTest, locations = '{}', classes = '{class io.wisoft.poomi.PoomIApplication}', contextInitializerClasses = '[]', activeProfiles = '{}', propertySourceLocations = '{}', propertySourceProperties = '{org.springframework.boot.test.context.SpringBootTestContextBootstrapper=true, server.port=0}', contextCustomizers = set[org.springframework.boot.test.autoconfigure.actuate.metrics.MetricsExportContextCustomizerFactory$DisableMetricExportContextCustomizer@27a80773, org.springframework.boot.test.autoconfigure.properties.PropertyMappingContextCustomizer@0, org.springframework.boot.test.autoconfigure.web.servlet.WebDriverContextCustomizerFactory$Customizer@6ef94d4c, org.springframework.boot.test.context.filter.ExcludeFilterContextCustomizer@477ce222, org.springframework.boot.test.json.DuplicateJsonObjectContextCustomizerFactory$DuplicateJsonObjectContextCustomizer@efa38f, org.springframework.boot.test.mock.mockito.MockitoContextCustomizer@0, org.springframework.boot.test.web.client.TestRestTemplateContextCustomizer@2f073aca, org.springframework.boot.test.context.SpringBootTestArgs@1, org.springframework.boot.test.context.SpringBootTestWebEnvironment@18d0fa0b], resourceBasePath = 'src/main/webapp', contextLoader = 'org.springframework.boot.test.context.SpringBootContextLoader', parent = [null]], attributes = map['org.springframework.test.context.web.ServletTestExecutionListener.activateListener' -> false]], class annotated with @DirtiesContext [false] with mode [null].
23:21:50.875 [Test worker] DEBUG org.springframework.test.context.support.DependencyInjectionTestExecutionListener - Performing dependency injection for test context [[DefaultTestContext@46b81aec testClass = ClassProgramControllerTest, testInstance = io.wisoft.poomi.controller.ClassProgramControllerTest@1573d4c8, testMethod = [null], testException = [null], mergedContextConfiguration = [WebMergedContextConfiguration@6c77f35e testClass = ClassProgramControllerTest, locations = '{}', classes = '{class io.wisoft.poomi.PoomIApplication}', contextInitializerClasses = '[]', activeProfiles = '{}', propertySourceLocations = '{}', propertySourceProperties = '{org.springframework.boot.test.context.SpringBootTestContextBootstrapper=true, server.port=0}', contextCustomizers = set[org.springframework.boot.test.autoconfigure.actuate.metrics.MetricsExportContextCustomizerFactory$DisableMetricExportContextCustomizer@27a80773, org.springframework.boot.test.autoconfigure.properties.PropertyMappingContextCustomizer@0, org.springframework.boot.test.autoconfigure.web.servlet.WebDriverContextCustomizerFactory$Customizer@6ef94d4c, org.springframework.boot.test.context.filter.ExcludeFilterContextCustomizer@477ce222, org.springframework.boot.test.json.DuplicateJsonObjectContextCustomizerFactory$DuplicateJsonObjectContextCustomizer@efa38f, org.springframework.boot.test.mock.mockito.MockitoContextCustomizer@0, org.springframework.boot.test.web.client.TestRestTemplateContextCustomizer@2f073aca, org.springframework.boot.test.context.SpringBootTestArgs@1, org.springframework.boot.test.context.SpringBootTestWebEnvironment@18d0fa0b], resourceBasePath = 'src/main/webapp', contextLoader = 'org.springframework.boot.test.context.SpringBootContextLoader', parent = [null]], attributes = map['org.springframework.test.context.web.ServletTestExecutionListener.activateListener' -> false, 'org.springframework.test.context.event.ApplicationEventsTestExecutionListener.recordApplicationEvents' -> false]]].
23:21:50.904 [Test worker] DEBUG org.springframework.test.context.support.TestPropertySourceUtils - Adding inlined properties to environment: {spring.jmx.enabled=false, org.springframework.boot.test.context.SpringBootTestContextBootstrapper=true, server.port=0}

  .   ____          _            __ _ _
 /\\ / ___'_ __ _ _(_)_ __  __ _ \ \ \ \
( ( )\___ | '_ | '_| | '_ \/ _` | \ \ \ \
 \\/  ___)| |_)| | | | | || (_| |  ) ) ) )
  '  |____| .__|_| |_|_| |_\__, | / / / /
 =========|_|==============|___/=/_/_/_/
 :: Spring Boot ::                (v2.5.2)

2021-08-21 23:21:51.510  INFO 20320 --- [    Test worker] i.w.p.c.ClassProgramControllerTest       : Starting ClassProgramControllerTest using Java 11 on DESKTOP-5UTSPQ7 with PID 20320 (started by user in C:\Users\user\IdeaProjects\Capstone-Project-Poom-I)
2021-08-21 23:21:51.511  INFO 20320 --- [    Test worker] i.w.p.c.ClassProgramControllerTest       : The following profiles are active: oauth,dev
2021-08-21 23:21:52.592  INFO 20320 --- [    Test worker] .s.d.r.c.RepositoryConfigurationDelegate : Bootstrapping Spring Data JPA repositories in DEFAULT mode.
2021-08-21 23:21:52.758  INFO 20320 --- [    Test worker] .s.d.r.c.RepositoryConfigurationDelegate : Finished Spring Data repository scanning in 154 ms. Found 8 JPA repository interfaces.
2021-08-21 23:21:53.431  INFO 20320 --- [    Test worker] trationDelegate$BeanPostProcessorChecker : Bean 'org.springframework.security.access.expression.method.DefaultMethodSecurityExpressionHandler@3eeb9f0a' of type [org.springframework.security.access.expression.method.DefaultMethodSecurityExpressionHandler] is not eligible for getting processed by all BeanPostProcessors (for example: not eligible for auto-proxying)
2021-08-21 23:21:53.448  INFO 20320 --- [    Test worker] trationDelegate$BeanPostProcessorChecker : Bean 'methodSecurityMetadataSource' of type [org.springframework.security.access.method.DelegatingMethodSecurityMetadataSource] is not eligible for getting processed by all BeanPostProcessors (for example: not eligible for auto-proxying)
2021-08-21 23:21:53.959  INFO 20320 --- [    Test worker] o.s.b.w.embedded.tomcat.TomcatWebServer  : Tomcat initialized with port(s): 0 (http)
2021-08-21 23:21:53.977  INFO 20320 --- [    Test worker] o.apache.catalina.core.StandardService   : Starting service [Tomcat]
2021-08-21 23:21:53.977  INFO 20320 --- [    Test worker] org.apache.catalina.core.StandardEngine  : Starting Servlet engine: [Apache Tomcat/9.0.48]
2021-08-21 23:21:54.216  INFO 20320 --- [    Test worker] o.a.c.c.C.[Tomcat].[localhost].[/]       : Initializing Spring embedded WebApplicationContext
2021-08-21 23:21:54.216  INFO 20320 --- [    Test worker] w.s.c.ServletWebServerApplicationContext : Root WebApplicationContext: initialization completed in 2672 ms
2021-08-21 23:21:54.286  INFO 20320 --- [    Test worker] com.zaxxer.hikari.HikariDataSource       : HikariPool-1 - Starting...
2021-08-21 23:21:54.557  INFO 20320 --- [    Test worker] com.zaxxer.hikari.HikariDataSource       : HikariPool-1 - Start completed.
2021-08-21 23:21:54.568  INFO 20320 --- [    Test worker] o.s.b.a.h2.H2ConsoleAutoConfiguration    : H2 console available at '/h2-console'. Database available at 'jdbc:h2:mem:testdb'
2021-08-21 23:21:54.956  INFO 20320 --- [    Test worker] o.hibernate.jpa.internal.util.LogHelper  : HHH000204: Processing PersistenceUnitInfo [name: default]
2021-08-21 23:21:55.048  INFO 20320 --- [    Test worker] org.hibernate.Version                    : HHH000412: Hibernate ORM core version 5.4.32.Final
2021-08-21 23:21:55.289  INFO 20320 --- [    Test worker] o.hibernate.annotations.common.Version   : HCANN000001: Hibernate Commons Annotations {5.1.2.Final}
2021-08-21 23:21:55.486  INFO 20320 --- [    Test worker] org.hibernate.dialect.Dialect            : HHH000400: Using dialect: org.hibernate.dialect.H2Dialect
Hibernate: 
    
    alter table child 
       add column child_id bigint
Hibernate: 
    
    alter table class_program 
       add column created_at timestamp
Hibernate: 
    
    alter table class_program 
       add column expired_at date
Hibernate: 
    
    alter table class_program 
       add column modified_at timestamp
Hibernate: create sequence ad_tag_sequence start with 1 increment by 1
Hibernate: create sequence address_sequence start with 1 increment by 1
Hibernate: create sequence child_sequence start with 1 increment by 1
Hibernate: create sequence childminder_info_seq start with 1 increment by 1
Hibernate: create sequence class_sequence start with 1 increment by 1
Hibernate: create sequence hibernate_sequence start with 1 increment by 1
Hibernate: create sequence member_sequence start with 1 increment by 1
Hibernate: create sequence refresh_token_sequence start with 1 increment by 1
Hibernate: create sequence sms_certification_sequence start with 1 increment by 1
Hibernate: 
    
    alter table child 
       add constraint FKr8nk7sxrigxffxypg011a3q65 
       foreign key (child_id) 
       references member
2021-08-21 23:21:56.930  INFO 20320 --- [    Test worker] o.h.e.t.j.p.i.JtaPlatformInitiator       : HHH000490: Using JtaPlatform implementation: [org.hibernate.engine.transaction.jta.platform.internal.NoJtaPlatform]
2021-08-21 23:21:56.948  INFO 20320 --- [    Test worker] j.LocalContainerEntityManagerFactoryBean : Initialized JPA EntityManagerFactory for persistence unit 'default'
2021-08-21 23:21:57.740  WARN 20320 --- [    Test worker] JpaBaseConfiguration$JpaWebConfiguration : spring.jpa.open-in-view is enabled by default. Therefore, database queries may be performed during view rendering. Explicitly configure spring.jpa.open-in-view to disable this warning
2021-08-21 23:21:58.184  INFO 20320 --- [    Test worker] o.s.s.web.DefaultSecurityFilterChain     : Will secure org.springframework.boot.autoconfigure.security.servlet.PathRequest$H2ConsoleRequestMatcher@25373a28 with []
2021-08-21 23:21:58.436  INFO 20320 --- [    Test worker] o.s.s.web.DefaultSecurityFilterChain     : Will secure any request with [org.springframework.security.web.context.request.async.WebAsyncManagerIntegrationFilter@1e13cfcd, org.springframework.security.web.context.SecurityContextPersistenceFilter@18ecc55c, org.springframework.security.web.header.HeaderWriterFilter@5d985bdb, org.springframework.web.filter.CorsFilter@1a8ea85, org.springframework.security.web.authentication.logout.LogoutFilter@437506e, org.springframework.security.oauth2.client.web.OAuth2AuthorizationRequestRedirectFilter@19047aa7, org.springframework.security.oauth2.client.web.OAuth2LoginAuthenticationFilter@1b07bd70, io.wisoft.poomi.configures.security.jwt.JwtAuthenticationFilter@792901a8, org.springframework.security.web.savedrequest.RequestCacheAwareFilter@2a6e523f, org.springframework.security.web.servletapi.SecurityContextHolderAwareRequestFilter@477e7aaf, org.springframework.security.web.authentication.AnonymousAuthenticationFilter@5ff254ce, org.springframework.security.web.session.SessionManagementFilter@1e5baeff, org.springframework.security.web.access.ExceptionTranslationFilter@4479f73f, org.springframework.security.web.access.intercept.FilterSecurityInterceptor@7d4b9ed9]
2021-08-21 23:21:58.442  WARN 20320 --- [    Test worker] o.s.s.c.a.web.builders.WebSecurity       : 

********************************************************************
**********        Security debugging is enabled.       *************
**********    This may include sensitive information.  *************
**********      Do not use in a production system!     *************
********************************************************************


2021-08-21 23:21:59.278  INFO 20320 --- [    Test worker] o.s.b.w.embedded.tomcat.TomcatWebServer  : Tomcat started on port(s): 64983 (http) with context path ''
2021-08-21 23:21:59.289  INFO 20320 --- [    Test worker] i.w.p.c.ClassProgramControllerTest       : Started ClassProgramControllerTest in 8.381 seconds (JVM running for 11.69)
Hibernate: 
    call next value for ad_tag_sequence
Hibernate: 
    insert 
    into
        address_tag
        (extra_address, id) 
    values
        (?, ?)
Hibernate: 
    call next value for address_sequence
Hibernate: 
    insert 
    into
        address
        (ad_tag_id, detail_address, post_code, id) 
    values
        (?, ?, ?, ?)
Hibernate: 
    select
        authority0_.id as id1_2_0_,
        authority0_.authority as authorit2_2_0_ 
    from
        authority authority0_ 
    where
        authority0_.id=?
Hibernate: 
    call next value for member_sequence
Hibernate: 
    insert 
    into
        member
        (address_id, cm_info_id, email, name, nick, password, phone_number, id) 
    values
        (?, ?, ?, ?, ?, ?, ?, ?)
Hibernate: 
    insert 
    into
        member_authority
        (member_id, authority_id) 
    values
        (?, ?)
Hibernate: 
    call next value for refresh_token_sequence
Hibernate: 
    insert 
    into
        refresh_token
        (member_email, refresh_token, id) 
    values
        (?, ?, ?)
Hibernate: 
    call next value for class_sequence
Hibernate: 
    call next value for class_sequence
Hibernate: 
    insert 
    into
        class_program
        (created_at, expired_at, modified_at, address_tag_id, capacity, contents, is_board, is_recruit, title, member_id, id) 
    values
        (?, ?, ?, ?, ?, ?, ?, ?, ?, ?, ?)
Hibernate: 
    insert 
    into
        class_program
        (created_at, expired_at, modified_at, address_tag_id, capacity, contents, is_board, is_recruit, title, member_id, id) 
    values
        (?, ?, ?, ?, ?, ?, ?, ?, ?, ?, ?)
2021-08-21 23:22:00.070  INFO 20320 --- [o-auto-1-exec-1] o.a.c.c.C.[Tomcat].[localhost].[/]       : Initializing Spring DispatcherServlet 'dispatcherServlet'
2021-08-21 23:22:00.071  INFO 20320 --- [o-auto-1-exec-1] o.s.web.servlet.DispatcherServlet        : Initializing Servlet 'dispatcherServlet'
2021-08-21 23:22:00.072  INFO 20320 --- [o-auto-1-exec-1] o.s.web.servlet.DispatcherServlet        : Completed initialization in 1 ms
2021-08-21 23:22:00.079  INFO 20320 --- [o-auto-1-exec-1] Spring Security Debugger                 : 

************************************************************

Request received for GET '/api/class':

org.apache.catalina.connector.RequestFacade@9fa47fd

servletPath:/api/class
pathInfo:null
headers: 
accept: application/json, application/*+json
authorization: Bearer eyJhbGciOiJIUzI1NiJ9.eyJzdWIiOiJ0ZXN0QGdtYWlsLmNvbSIsImF1dGgiOiJST0xFX1VTRVIiLCJleHAiOjE2Mjk1NTc1MTl9.pLpq4QFDYHRlsq6_b4M-1r9c4lxDu9xcHRGTIFUBDXY
user-agent: Java/11
host: localhost:64983
connection: keep-alive


Security filter chain: [
  WebAsyncManagerIntegrationFilter
  SecurityContextPersistenceFilter
  HeaderWriterFilter
  CorsFilter
  LogoutFilter
  OAuth2AuthorizationRequestRedirectFilter
  OAuth2LoginAuthenticationFilter
  JwtAuthenticationFilter
  RequestCacheAwareFilter
  SecurityContextHolderAwareRequestFilter
  AnonymousAuthenticationFilter
  SessionManagementFilter
  ExceptionTranslationFilter
  FilterSecurityInterceptor
]


************************************************************


2021-08-21 23:22:00.175  INFO 20320 --- [o-auto-1-exec-1] io.wisoft.poomi.service.MemberService    : Resolve JWT token: eyJhbGciOiJIUzI1NiJ9.eyJzdWIiOiJ0ZXN0QGdtYWlsLmNvbSIsImF1dGgiOiJST0xFX1VTRVIiLCJleHAiOjE2Mjk1NTc1MTl9.pLpq4QFDYHRlsq6_b4M-1r9c4lxDu9xcHRGTIFUBDXY
2021-08-21 23:22:00.178  INFO 20320 --- [o-auto-1-exec-1] io.wisoft.poomi.service.MemberService    : Generate member email: test@gmail.com
Hibernate: 
    select
        member0_.id as id1_6_,
        member0_.address_id as address_7_6_,
        member0_.cm_info_id as cm_info_8_6_,
        member0_.email as email2_6_,
        member0_.name as name3_6_,
        member0_.nick as nick4_6_,
        member0_.password as password5_6_,
        member0_.phone_number as phone_nu6_6_ 
    from
        member member0_ 
    where
        member0_.email=?
Hibernate: 
    select
        address0_.id as id1_0_0_,
        address0_.ad_tag_id as ad_tag_i4_0_0_,
        address0_.detail_address as detail_a2_0_0_,
        address0_.post_code as post_cod3_0_0_,
        addresstag1_.id as id1_1_1_,
        addresstag1_.extra_address as extra_ad2_1_1_ 
    from
        address address0_ 
    left outer join
        address_tag addresstag1_ 
            on address0_.ad_tag_id=addresstag1_.id 
    where
        address0_.id=?
Hibernate: 
    select
        authoritie0_.member_id as member_i1_7_0_,
        authoritie0_.authority_id as authorit2_7_0_,
        authority1_.id as id1_2_1_,
        authority1_.authority as authorit2_2_1_ 
    from
        member_authority authoritie0_ 
    inner join
        authority authority1_ 
            on authoritie0_.authority_id=authority1_.id 
    where
        authoritie0_.member_id=?
2021-08-21 23:22:00.378  INFO 20320 --- [o-auto-1-exec-1] io.wisoft.poomi.service.MemberService    : Generate member of email: test@gmail.com
Hibernate: 
    select
        classprogr0_.id as id1_5_,
        classprogr0_.created_at as created_2_5_,
        classprogr0_.expired_at as expired_3_5_,
        classprogr0_.modified_at as modified4_5_,
        classprogr0_.address_tag_id as address10_5_,
        classprogr0_.capacity as capacity5_5_,
        classprogr0_.contents as contents6_5_,
        classprogr0_.is_board as is_board7_5_,
        classprogr0_.is_recruit as is_recru8_5_,
        classprogr0_.title as title9_5_,
        classprogr0_.member_id as member_11_5_ 
    from
        class_program classprogr0_ 
    where
        classprogr0_.address_tag_id=?
테스트
테스트2
]]></system-out>
  <system-err><![CDATA[]]></system-err>
</testsuite>
