<?xml version="1.0" encoding="UTF-8"?>
<testsuite name="io.wisoft.poomi.domain.program.classes.ClassProgramRepositoryTest" tests="1" skipped="0" failures="0" errors="0" timestamp="2021-08-19T08:16:05" hostname="DESKTOP-5UTSPQ7" time="0.293">
  <properties/>
  <testcase name="클래스 프로그램 생성 테스트" classname="io.wisoft.poomi.domain.program.classes.ClassProgramRepositoryTest" time="0.293"/>
  <system-out><![CDATA[17:15:58.999 [Test worker] DEBUG org.springframework.test.context.BootstrapUtils - Instantiating CacheAwareContextLoaderDelegate from class [org.springframework.test.context.cache.DefaultCacheAwareContextLoaderDelegate]
17:15:59.014 [Test worker] DEBUG org.springframework.test.context.BootstrapUtils - Instantiating BootstrapContext using constructor [public org.springframework.test.context.support.DefaultBootstrapContext(java.lang.Class,org.springframework.test.context.CacheAwareContextLoaderDelegate)]
17:15:59.046 [Test worker] DEBUG org.springframework.test.context.BootstrapUtils - Instantiating TestContextBootstrapper for test class [io.wisoft.poomi.domain.program.classes.ClassProgramRepositoryTest] from class [org.springframework.boot.test.autoconfigure.orm.jpa.DataJpaTestContextBootstrapper]
17:15:59.077 [Test worker] INFO org.springframework.boot.test.autoconfigure.orm.jpa.DataJpaTestContextBootstrapper - Neither @ContextConfiguration nor @ContextHierarchy found for test class [io.wisoft.poomi.domain.program.classes.ClassProgramRepositoryTest], using SpringBootContextLoader
17:15:59.077 [Test worker] DEBUG org.springframework.test.context.support.AbstractContextLoader - Did not detect default resource location for test class [io.wisoft.poomi.domain.program.classes.ClassProgramRepositoryTest]: class path resource [io/wisoft/poomi/domain/program/classes/ClassProgramRepositoryTest-context.xml] does not exist
17:15:59.077 [Test worker] DEBUG org.springframework.test.context.support.AbstractContextLoader - Did not detect default resource location for test class [io.wisoft.poomi.domain.program.classes.ClassProgramRepositoryTest]: class path resource [io/wisoft/poomi/domain/program/classes/ClassProgramRepositoryTestContext.groovy] does not exist
17:15:59.077 [Test worker] INFO org.springframework.test.context.support.AbstractContextLoader - Could not detect default resource locations for test class [io.wisoft.poomi.domain.program.classes.ClassProgramRepositoryTest]: no resource found for suffixes {-context.xml, Context.groovy}.
17:15:59.077 [Test worker] INFO org.springframework.test.context.support.AnnotationConfigContextLoaderUtils - Could not detect default configuration classes for test class [io.wisoft.poomi.domain.program.classes.ClassProgramRepositoryTest]: ClassProgramRepositoryTest does not declare any static, non-private, non-final, nested classes annotated with @Configuration.
17:15:59.171 [Test worker] DEBUG org.springframework.test.context.support.ActiveProfilesUtils - Could not find an 'annotation declaring class' for annotation type [org.springframework.test.context.ActiveProfiles] and class [io.wisoft.poomi.domain.program.classes.ClassProgramRepositoryTest]
17:15:59.265 [Test worker] DEBUG org.springframework.context.annotation.ClassPathScanningCandidateComponentProvider - Identified candidate component class: file [C:\Users\user\IdeaProjects\Capstone-Project-Poom-I\build\classes\java\main\io\wisoft\poomi\PoomIApplication.class]
17:15:59.265 [Test worker] INFO org.springframework.boot.test.context.SpringBootTestContextBootstrapper - Found @SpringBootConfiguration io.wisoft.poomi.PoomIApplication for test class io.wisoft.poomi.domain.program.classes.ClassProgramRepositoryTest
17:15:59.281 [Test worker] DEBUG org.springframework.boot.test.autoconfigure.orm.jpa.DataJpaTestContextBootstrapper - @TestExecutionListeners is not present for class [io.wisoft.poomi.domain.program.classes.ClassProgramRepositoryTest]: using defaults.
17:15:59.281 [Test worker] INFO org.springframework.boot.test.autoconfigure.orm.jpa.DataJpaTestContextBootstrapper - Loaded default TestExecutionListener class names from location [META-INF/spring.factories]: [org.springframework.security.test.context.support.WithSecurityContextTestExecutionListener, org.springframework.security.test.context.support.ReactorContextTestExecutionListener, org.springframework.boot.test.autoconfigure.restdocs.RestDocsTestExecutionListener, org.springframework.boot.test.autoconfigure.web.client.MockRestServiceServerResetTestExecutionListener, org.springframework.boot.test.autoconfigure.web.servlet.MockMvcPrintOnlyOnFailureTestExecutionListener, org.springframework.boot.test.autoconfigure.web.servlet.WebDriverTestExecutionListener, org.springframework.boot.test.autoconfigure.webservices.client.MockWebServiceServerTestExecutionListener, org.springframework.boot.test.mock.mockito.MockitoTestExecutionListener, org.springframework.boot.test.mock.mockito.ResetMocksTestExecutionListener, org.springframework.test.context.web.ServletTestExecutionListener, org.springframework.test.context.support.DirtiesContextBeforeModesTestExecutionListener, org.springframework.test.context.event.ApplicationEventsTestExecutionListener, org.springframework.test.context.support.DependencyInjectionTestExecutionListener, org.springframework.test.context.support.DirtiesContextTestExecutionListener, org.springframework.test.context.transaction.TransactionalTestExecutionListener, org.springframework.test.context.jdbc.SqlScriptsTestExecutionListener, org.springframework.test.context.event.EventPublishingTestExecutionListener]
17:15:59.312 [Test worker] INFO org.springframework.boot.test.autoconfigure.orm.jpa.DataJpaTestContextBootstrapper - Using TestExecutionListeners: [org.springframework.test.context.web.ServletTestExecutionListener@1890dafd, org.springframework.test.context.support.DirtiesContextBeforeModesTestExecutionListener@55bae692, org.springframework.test.context.event.ApplicationEventsTestExecutionListener@161904aa, org.springframework.boot.test.mock.mockito.MockitoTestExecutionListener@4cba44da, org.springframework.boot.test.autoconfigure.SpringBootDependencyInjectionTestExecutionListener@52e33882, org.springframework.test.context.support.DirtiesContextTestExecutionListener@506fca3a, org.springframework.test.context.transaction.TransactionalTestExecutionListener@e0da8c9, org.springframework.test.context.jdbc.SqlScriptsTestExecutionListener@100fa146, org.springframework.security.test.context.support.WithSecurityContextTestExecutionListener@5b63bced, org.springframework.test.context.event.EventPublishingTestExecutionListener@757383a1, org.springframework.security.test.context.support.ReactorContextTestExecutionListener@165b3626, org.springframework.boot.test.autoconfigure.restdocs.RestDocsTestExecutionListener@7bb3b03a, org.springframework.boot.test.autoconfigure.web.client.MockRestServiceServerResetTestExecutionListener@3df1ef75, org.springframework.boot.test.autoconfigure.web.servlet.MockMvcPrintOnlyOnFailureTestExecutionListener@54f61de1, org.springframework.boot.test.autoconfigure.web.servlet.WebDriverTestExecutionListener@1b53eb5f, org.springframework.boot.test.autoconfigure.webservices.client.MockWebServiceServerTestExecutionListener@7d87aa6f, org.springframework.boot.test.mock.mockito.ResetMocksTestExecutionListener@4f3f68ed]
17:15:59.327 [Test worker] DEBUG org.springframework.test.context.support.DependencyInjectionTestExecutionListener - Performing dependency injection for test context [[DefaultTestContext@1e5c43e2 testClass = ClassProgramRepositoryTest, testInstance = io.wisoft.poomi.domain.program.classes.ClassProgramRepositoryTest@6faa3fe, testMethod = [null], testException = [null], mergedContextConfiguration = [MergedContextConfiguration@53a0e855 testClass = ClassProgramRepositoryTest, locations = '{}', classes = '{class io.wisoft.poomi.PoomIApplication}', contextInitializerClasses = '[]', activeProfiles = '{}', propertySourceLocations = '{}', propertySourceProperties = '{org.springframework.boot.test.autoconfigure.orm.jpa.DataJpaTestContextBootstrapper=true}', contextCustomizers = set[org.springframework.boot.test.autoconfigure.OverrideAutoConfigurationContextCustomizerFactory$DisableAutoConfigurationContextCustomizer@621222c4, org.springframework.boot.test.autoconfigure.actuate.metrics.MetricsExportContextCustomizerFactory$DisableMetricExportContextCustomizer@3051baa5, org.springframework.boot.test.autoconfigure.filter.TypeExcludeFiltersContextCustomizer@ba42f87d, org.springframework.boot.test.autoconfigure.properties.PropertyMappingContextCustomizer@a24d1446, org.springframework.boot.test.autoconfigure.web.servlet.WebDriverContextCustomizerFactory$Customizer@3590a167, [ImportsContextCustomizer@438adeca key = [org.springframework.boot.autoconfigure.cache.CacheAutoConfiguration, org.springframework.boot.autoconfigure.data.jpa.JpaRepositoriesAutoConfiguration, org.springframework.boot.autoconfigure.flyway.FlywayAutoConfiguration, org.springframework.boot.autoconfigure.jdbc.DataSourceAutoConfiguration, org.springframework.boot.autoconfigure.jdbc.DataSourceTransactionManagerAutoConfiguration, org.springframework.boot.autoconfigure.jdbc.JdbcTemplateAutoConfiguration, org.springframework.boot.autoconfigure.liquibase.LiquibaseAutoConfiguration, org.springframework.boot.autoconfigure.orm.jpa.HibernateJpaAutoConfiguration, org.springframework.boot.autoconfigure.sql.init.SqlInitializationAutoConfiguration, org.springframework.boot.autoconfigure.transaction.TransactionAutoConfiguration, org.springframework.boot.test.autoconfigure.jdbc.TestDatabaseAutoConfiguration, org.springframework.boot.test.autoconfigure.orm.jpa.TestEntityManagerAutoConfiguration]], org.springframework.boot.test.context.filter.ExcludeFilterContextCustomizer@76baae47, org.springframework.boot.test.json.DuplicateJsonObjectContextCustomizerFactory$DuplicateJsonObjectContextCustomizer@58d117c6, org.springframework.boot.test.mock.mockito.MockitoContextCustomizer@0, org.springframework.boot.test.context.SpringBootTestArgs@1, org.springframework.boot.test.context.SpringBootTestWebEnvironment@0], contextLoader = 'org.springframework.boot.test.context.SpringBootContextLoader', parent = [null]], attributes = map['org.springframework.test.context.event.ApplicationEventsTestExecutionListener.recordApplicationEvents' -> false]]].
17:15:59.390 [Test worker] DEBUG org.springframework.test.context.support.TestPropertySourceUtils - Adding inlined properties to environment: {spring.jmx.enabled=false, org.springframework.boot.test.autoconfigure.orm.jpa.DataJpaTestContextBootstrapper=true}

  .   ____          _            __ _ _
 /\\ / ___'_ __ _ _(_)_ __  __ _ \ \ \ \
( ( )\___ | '_ | '_| | '_ \/ _` | \ \ \ \
 \\/  ___)| |_)| | | | | || (_| |  ) ) ) )
  '  |____| .__|_| |_|_| |_\__, | / / / /
 =========|_|==============|___/=/_/_/_/
 :: Spring Boot ::                (v2.5.2)

2021-08-19 17:16:00.096  INFO 7952 --- [    Test worker] i.w.p.d.p.c.ClassProgramRepositoryTest   : Starting ClassProgramRepositoryTest using Java 11 on DESKTOP-5UTSPQ7 with PID 7952 (started by user in C:\Users\user\IdeaProjects\Capstone-Project-Poom-I)
2021-08-19 17:16:00.096  INFO 7952 --- [    Test worker] i.w.p.d.p.c.ClassProgramRepositoryTest   : The following profiles are active: oauth,dev
2021-08-19 17:16:01.149  INFO 7952 --- [    Test worker] .s.d.r.c.RepositoryConfigurationDelegate : Bootstrapping Spring Data JPA repositories in DEFAULT mode.
2021-08-19 17:16:01.321  INFO 7952 --- [    Test worker] .s.d.r.c.RepositoryConfigurationDelegate : Finished Spring Data repository scanning in 173 ms. Found 8 JPA repository interfaces.
2021-08-19 17:16:01.438  INFO 7952 --- [    Test worker] beddedDataSourceBeanFactoryPostProcessor : Replacing 'dataSource' DataSource bean with embedded version
2021-08-19 17:16:01.809  INFO 7952 --- [    Test worker] o.s.j.d.e.EmbeddedDatabaseFactory        : Starting embedded database: url='jdbc:h2:mem:8b18e4fd-94aa-4b2d-b244-f3106a65c030;DB_CLOSE_DELAY=-1;DB_CLOSE_ON_EXIT=false', username='sa'
2021-08-19 17:16:02.591  INFO 7952 --- [    Test worker] o.hibernate.jpa.internal.util.LogHelper  : HHH000204: Processing PersistenceUnitInfo [name: default]
2021-08-19 17:16:02.702  INFO 7952 --- [    Test worker] org.hibernate.Version                    : HHH000412: Hibernate ORM core version 5.4.32.Final
2021-08-19 17:16:02.987  INFO 7952 --- [    Test worker] o.hibernate.annotations.common.Version   : HCANN000001: Hibernate Commons Annotations {5.1.2.Final}
2021-08-19 17:16:03.257  INFO 7952 --- [    Test worker] org.hibernate.dialect.Dialect            : HHH000400: Using dialect: org.hibernate.dialect.H2Dialect
Hibernate: 
    
    alter table child 
       add column child_id bigint
Hibernate: 
    
    alter table class_program 
       add column created_at timestamp
Hibernate: 
    
    alter table class_program 
       add column expired_at date
Hibernate: 
    
    alter table class_program 
       add column modified_at timestamp
Hibernate: create sequence ad_tag_sequence start with 1 increment by 1
Hibernate: create sequence address_sequence start with 1 increment by 1
Hibernate: create sequence child_sequence start with 1 increment by 1
Hibernate: create sequence childminder_info_seq start with 1 increment by 1
Hibernate: create sequence class_sequence start with 1 increment by 1
Hibernate: create sequence hibernate_sequence start with 1 increment by 1
Hibernate: create sequence member_sequence start with 1 increment by 1
Hibernate: create sequence refresh_token_sequence start with 1 increment by 1
Hibernate: create sequence sms_certification_sequence start with 1 increment by 1
Hibernate: 
    
    alter table child 
       add constraint FKr8nk7sxrigxffxypg011a3q65 
       foreign key (child_id) 
       references member
2021-08-19 17:16:04.645  INFO 7952 --- [    Test worker] o.h.e.t.j.p.i.JtaPlatformInitiator       : HHH000490: Using JtaPlatform implementation: [org.hibernate.engine.transaction.jta.platform.internal.NoJtaPlatform]
2021-08-19 17:16:04.692  INFO 7952 --- [    Test worker] j.LocalContainerEntityManagerFactoryBean : Initialized JPA EntityManagerFactory for persistence unit 'default'
2021-08-19 17:16:05.629  INFO 7952 --- [    Test worker] i.w.p.d.p.c.ClassProgramRepositoryTest   : Started ClassProgramRepositoryTest in 6.224 seconds (JVM running for 8.433)
2021-08-19 17:16:05.670  INFO 7952 --- [    Test worker] o.s.t.c.transaction.TransactionContext   : Began transaction (1) for test context [DefaultTestContext@1e5c43e2 testClass = ClassProgramRepositoryTest, testInstance = io.wisoft.poomi.domain.program.classes.ClassProgramRepositoryTest@6faa3fe, testMethod = creation_class_program@ClassProgramRepositoryTest, testException = [null], mergedContextConfiguration = [MergedContextConfiguration@53a0e855 testClass = ClassProgramRepositoryTest, locations = '{}', classes = '{class io.wisoft.poomi.PoomIApplication}', contextInitializerClasses = '[]', activeProfiles = '{}', propertySourceLocations = '{}', propertySourceProperties = '{org.springframework.boot.test.autoconfigure.orm.jpa.DataJpaTestContextBootstrapper=true}', contextCustomizers = set[org.springframework.boot.test.autoconfigure.OverrideAutoConfigurationContextCustomizerFactory$DisableAutoConfigurationContextCustomizer@621222c4, org.springframework.boot.test.autoconfigure.actuate.metrics.MetricsExportContextCustomizerFactory$DisableMetricExportContextCustomizer@3051baa5, org.springframework.boot.test.autoconfigure.filter.TypeExcludeFiltersContextCustomizer@ba42f87d, org.springframework.boot.test.autoconfigure.properties.PropertyMappingContextCustomizer@a24d1446, org.springframework.boot.test.autoconfigure.web.servlet.WebDriverContextCustomizerFactory$Customizer@3590a167, [ImportsContextCustomizer@438adeca key = [org.springframework.boot.autoconfigure.cache.CacheAutoConfiguration, org.springframework.boot.autoconfigure.data.jpa.JpaRepositoriesAutoConfiguration, org.springframework.boot.autoconfigure.flyway.FlywayAutoConfiguration, org.springframework.boot.autoconfigure.jdbc.DataSourceAutoConfiguration, org.springframework.boot.autoconfigure.jdbc.DataSourceTransactionManagerAutoConfiguration, org.springframework.boot.autoconfigure.jdbc.JdbcTemplateAutoConfiguration, org.springframework.boot.autoconfigure.liquibase.LiquibaseAutoConfiguration, org.springframework.boot.autoconfigure.orm.jpa.HibernateJpaAutoConfiguration, org.springframework.boot.autoconfigure.sql.init.SqlInitializationAutoConfiguration, org.springframework.boot.autoconfigure.transaction.TransactionAutoConfiguration, org.springframework.boot.test.autoconfigure.jdbc.TestDatabaseAutoConfiguration, org.springframework.boot.test.autoconfigure.orm.jpa.TestEntityManagerAutoConfiguration]], org.springframework.boot.test.context.filter.ExcludeFilterContextCustomizer@76baae47, org.springframework.boot.test.json.DuplicateJsonObjectContextCustomizerFactory$DuplicateJsonObjectContextCustomizer@58d117c6, org.springframework.boot.test.mock.mockito.MockitoContextCustomizer@0, org.springframework.boot.test.context.SpringBootTestArgs@1, org.springframework.boot.test.context.SpringBootTestWebEnvironment@0], contextLoader = 'org.springframework.boot.test.context.SpringBootContextLoader', parent = [null]], attributes = map['org.springframework.test.context.event.ApplicationEventsTestExecutionListener.recordApplicationEvents' -> false]]; transaction manager [org.springframework.orm.jpa.JpaTransactionManager@562a01fb]; rollback [true]
Hibernate: 
    call next value for class_sequence
2021-08-19T17:16:05.874162300
2021-08-19 17:16:05.936  INFO 7952 --- [    Test worker] o.s.t.c.transaction.TransactionContext   : Rolled back transaction for test: [DefaultTestContext@1e5c43e2 testClass = ClassProgramRepositoryTest, testInstance = io.wisoft.poomi.domain.program.classes.ClassProgramRepositoryTest@6faa3fe, testMethod = creation_class_program@ClassProgramRepositoryTest, testException = [null], mergedContextConfiguration = [MergedContextConfiguration@53a0e855 testClass = ClassProgramRepositoryTest, locations = '{}', classes = '{class io.wisoft.poomi.PoomIApplication}', contextInitializerClasses = '[]', activeProfiles = '{}', propertySourceLocations = '{}', propertySourceProperties = '{org.springframework.boot.test.autoconfigure.orm.jpa.DataJpaTestContextBootstrapper=true}', contextCustomizers = set[org.springframework.boot.test.autoconfigure.OverrideAutoConfigurationContextCustomizerFactory$DisableAutoConfigurationContextCustomizer@621222c4, org.springframework.boot.test.autoconfigure.actuate.metrics.MetricsExportContextCustomizerFactory$DisableMetricExportContextCustomizer@3051baa5, org.springframework.boot.test.autoconfigure.filter.TypeExcludeFiltersContextCustomizer@ba42f87d, org.springframework.boot.test.autoconfigure.properties.PropertyMappingContextCustomizer@a24d1446, org.springframework.boot.test.autoconfigure.web.servlet.WebDriverContextCustomizerFactory$Customizer@3590a167, [ImportsContextCustomizer@438adeca key = [org.springframework.boot.autoconfigure.cache.CacheAutoConfiguration, org.springframework.boot.autoconfigure.data.jpa.JpaRepositoriesAutoConfiguration, org.springframework.boot.autoconfigure.flyway.FlywayAutoConfiguration, org.springframework.boot.autoconfigure.jdbc.DataSourceAutoConfiguration, org.springframework.boot.autoconfigure.jdbc.DataSourceTransactionManagerAutoConfiguration, org.springframework.boot.autoconfigure.jdbc.JdbcTemplateAutoConfiguration, org.springframework.boot.autoconfigure.liquibase.LiquibaseAutoConfiguration, org.springframework.boot.autoconfigure.orm.jpa.HibernateJpaAutoConfiguration, org.springframework.boot.autoconfigure.sql.init.SqlInitializationAutoConfiguration, org.springframework.boot.autoconfigure.transaction.TransactionAutoConfiguration, org.springframework.boot.test.autoconfigure.jdbc.TestDatabaseAutoConfiguration, org.springframework.boot.test.autoconfigure.orm.jpa.TestEntityManagerAutoConfiguration]], org.springframework.boot.test.context.filter.ExcludeFilterContextCustomizer@76baae47, org.springframework.boot.test.json.DuplicateJsonObjectContextCustomizerFactory$DuplicateJsonObjectContextCustomizer@58d117c6, org.springframework.boot.test.mock.mockito.MockitoContextCustomizer@0, org.springframework.boot.test.context.SpringBootTestArgs@1, org.springframework.boot.test.context.SpringBootTestWebEnvironment@0], contextLoader = 'org.springframework.boot.test.context.SpringBootContextLoader', parent = [null]], attributes = map['org.springframework.test.context.event.ApplicationEventsTestExecutionListener.recordApplicationEvents' -> false]]
]]></system-out>
  <system-err><![CDATA[]]></system-err>
</testsuite>
