<?xml version="1.0" encoding="UTF-8"?>
<testsuite name="io.wisoft.poomi.CapstoneProjectPoomIApplicationTests" tests="1" skipped="0" failures="0" errors="0" timestamp="2021-08-30T04:44:40" hostname="DESKTOP-5UTSPQ7" time="0.006">
  <properties/>
  <testcase name="contextLoads()" classname="io.wisoft.poomi.CapstoneProjectPoomIApplicationTests" time="0.006"/>
  <system-out><![CDATA[2021-08-30 13:44:40.059  INFO 9696 --- [    Test worker] .b.t.c.SpringBootTestContextBootstrapper : Neither @ContextConfiguration nor @ContextHierarchy found for test class [io.wisoft.poomi.CapstoneProjectPoomIApplicationTests], using SpringBootContextLoader
2021-08-30 13:44:40.059  INFO 9696 --- [    Test worker] o.s.t.c.support.AbstractContextLoader    : Could not detect default resource locations for test class [io.wisoft.poomi.CapstoneProjectPoomIApplicationTests]: no resource found for suffixes {-context.xml, Context.groovy}.
2021-08-30 13:44:40.059  INFO 9696 --- [    Test worker] t.c.s.AnnotationConfigContextLoaderUtils : Could not detect default configuration classes for test class [io.wisoft.poomi.CapstoneProjectPoomIApplicationTests]: CapstoneProjectPoomIApplicationTests does not declare any static, non-private, non-final, nested classes annotated with @Configuration.
2021-08-30 13:44:40.059  INFO 9696 --- [    Test worker] .b.t.c.SpringBootTestContextBootstrapper : Found @SpringBootConfiguration io.wisoft.poomi.PoomIApplication for test class io.wisoft.poomi.CapstoneProjectPoomIApplicationTests
2021-08-30 13:44:40.075  INFO 9696 --- [    Test worker] .b.t.c.SpringBootTestContextBootstrapper : Loaded default TestExecutionListener class names from location [META-INF/spring.factories]: [org.springframework.security.test.context.support.WithSecurityContextTestExecutionListener, org.springframework.security.test.context.support.ReactorContextTestExecutionListener, org.springframework.boot.test.autoconfigure.restdocs.RestDocsTestExecutionListener, org.springframework.boot.test.autoconfigure.web.client.MockRestServiceServerResetTestExecutionListener, org.springframework.boot.test.autoconfigure.web.servlet.MockMvcPrintOnlyOnFailureTestExecutionListener, org.springframework.boot.test.autoconfigure.web.servlet.WebDriverTestExecutionListener, org.springframework.boot.test.autoconfigure.webservices.client.MockWebServiceServerTestExecutionListener, org.springframework.boot.test.mock.mockito.MockitoTestExecutionListener, org.springframework.boot.test.mock.mockito.ResetMocksTestExecutionListener, org.springframework.test.context.web.ServletTestExecutionListener, org.springframework.test.context.support.DirtiesContextBeforeModesTestExecutionListener, org.springframework.test.context.event.ApplicationEventsTestExecutionListener, org.springframework.test.context.support.DependencyInjectionTestExecutionListener, org.springframework.test.context.support.DirtiesContextTestExecutionListener, org.springframework.test.context.transaction.TransactionalTestExecutionListener, org.springframework.test.context.jdbc.SqlScriptsTestExecutionListener, org.springframework.test.context.event.EventPublishingTestExecutionListener]
2021-08-30 13:44:40.075  INFO 9696 --- [    Test worker] .b.t.c.SpringBootTestContextBootstrapper : Using TestExecutionListeners: [org.springframework.test.context.web.ServletTestExecutionListener@54fd90db, org.springframework.test.context.support.DirtiesContextBeforeModesTestExecutionListener@6b531381, org.springframework.test.context.event.ApplicationEventsTestExecutionListener@7ceefa1d, org.springframework.boot.test.mock.mockito.MockitoTestExecutionListener@69598344, org.springframework.boot.test.autoconfigure.SpringBootDependencyInjectionTestExecutionListener@519aadfc, org.springframework.test.context.support.DirtiesContextTestExecutionListener@22267355, org.springframework.test.context.transaction.TransactionalTestExecutionListener@29935b1e, org.springframework.test.context.jdbc.SqlScriptsTestExecutionListener@cf5aecb, org.springframework.security.test.context.support.WithSecurityContextTestExecutionListener@88407e4, org.springframework.test.context.event.EventPublishingTestExecutionListener@1929617a, org.springframework.security.test.context.support.ReactorContextTestExecutionListener@2a5182ea, org.springframework.boot.test.autoconfigure.restdocs.RestDocsTestExecutionListener@bf3f29d, org.springframework.boot.test.autoconfigure.web.client.MockRestServiceServerResetTestExecutionListener@23606f20, org.springframework.boot.test.autoconfigure.web.servlet.MockMvcPrintOnlyOnFailureTestExecutionListener@7110f887, org.springframework.boot.test.autoconfigure.web.servlet.WebDriverTestExecutionListener@57f0629d, org.springframework.boot.test.autoconfigure.webservices.client.MockWebServiceServerTestExecutionListener@430305e4, org.springframework.boot.test.mock.mockito.ResetMocksTestExecutionListener@633a7bcb]
]]></system-out>
  <system-err><![CDATA[]]></system-err>
</testsuite>
