<?xml version="1.0" encoding="UTF-8"?>
<testsuite name="io.wisoft.poomi.CapstoneProjectPoomIApplicationTests" tests="1" skipped="0" failures="0" errors="0" timestamp="2021-08-27T02:46:22" hostname="DESKTOP-5UTSPQ7" time="0.007">
  <properties/>
  <testcase name="contextLoads()" classname="io.wisoft.poomi.CapstoneProjectPoomIApplicationTests" time="0.007"/>
  <system-out><![CDATA[2021-08-27 11:46:22.157  INFO 20584 --- [    Test worker] .b.t.c.SpringBootTestContextBootstrapper : Neither @ContextConfiguration nor @ContextHierarchy found for test class [io.wisoft.poomi.CapstoneProjectPoomIApplicationTests], using SpringBootContextLoader
2021-08-27 11:46:22.159  INFO 20584 --- [    Test worker] o.s.t.c.support.AbstractContextLoader    : Could not detect default resource locations for test class [io.wisoft.poomi.CapstoneProjectPoomIApplicationTests]: no resource found for suffixes {-context.xml, Context.groovy}.
2021-08-27 11:46:22.159  INFO 20584 --- [    Test worker] t.c.s.AnnotationConfigContextLoaderUtils : Could not detect default configuration classes for test class [io.wisoft.poomi.CapstoneProjectPoomIApplicationTests]: CapstoneProjectPoomIApplicationTests does not declare any static, non-private, non-final, nested classes annotated with @Configuration.
2021-08-27 11:46:22.168  INFO 20584 --- [    Test worker] .b.t.c.SpringBootTestContextBootstrapper : Found @SpringBootConfiguration io.wisoft.poomi.PoomIApplication for test class io.wisoft.poomi.CapstoneProjectPoomIApplicationTests
2021-08-27 11:46:22.171  INFO 20584 --- [    Test worker] .b.t.c.SpringBootTestContextBootstrapper : Loaded default TestExecutionListener class names from location [META-INF/spring.factories]: [org.springframework.security.test.context.support.WithSecurityContextTestExecutionListener, org.springframework.security.test.context.support.ReactorContextTestExecutionListener, org.springframework.boot.test.autoconfigure.restdocs.RestDocsTestExecutionListener, org.springframework.boot.test.autoconfigure.web.client.MockRestServiceServerResetTestExecutionListener, org.springframework.boot.test.autoconfigure.web.servlet.MockMvcPrintOnlyOnFailureTestExecutionListener, org.springframework.boot.test.autoconfigure.web.servlet.WebDriverTestExecutionListener, org.springframework.boot.test.autoconfigure.webservices.client.MockWebServiceServerTestExecutionListener, org.springframework.boot.test.mock.mockito.MockitoTestExecutionListener, org.springframework.boot.test.mock.mockito.ResetMocksTestExecutionListener, org.springframework.test.context.web.ServletTestExecutionListener, org.springframework.test.context.support.DirtiesContextBeforeModesTestExecutionListener, org.springframework.test.context.event.ApplicationEventsTestExecutionListener, org.springframework.test.context.support.DependencyInjectionTestExecutionListener, org.springframework.test.context.support.DirtiesContextTestExecutionListener, org.springframework.test.context.transaction.TransactionalTestExecutionListener, org.springframework.test.context.jdbc.SqlScriptsTestExecutionListener, org.springframework.test.context.event.EventPublishingTestExecutionListener]
2021-08-27 11:46:22.174  INFO 20584 --- [    Test worker] .b.t.c.SpringBootTestContextBootstrapper : Using TestExecutionListeners: [org.springframework.test.context.web.ServletTestExecutionListener@583aaf0b, org.springframework.test.context.support.DirtiesContextBeforeModesTestExecutionListener@44a3c3af, org.springframework.test.context.event.ApplicationEventsTestExecutionListener@3e704cdf, org.springframework.boot.test.mock.mockito.MockitoTestExecutionListener@1210a912, org.springframework.boot.test.autoconfigure.SpringBootDependencyInjectionTestExecutionListener@1f5f0eac, org.springframework.test.context.support.DirtiesContextTestExecutionListener@453b1853, org.springframework.test.context.transaction.TransactionalTestExecutionListener@7911b29f, org.springframework.test.context.jdbc.SqlScriptsTestExecutionListener@6e5edc96, org.springframework.security.test.context.support.WithSecurityContextTestExecutionListener@913959f, org.springframework.test.context.event.EventPublishingTestExecutionListener@1477ed6e, org.springframework.security.test.context.support.ReactorContextTestExecutionListener@60063035, org.springframework.boot.test.autoconfigure.restdocs.RestDocsTestExecutionListener@7824eacf, org.springframework.boot.test.autoconfigure.web.client.MockRestServiceServerResetTestExecutionListener@6d0e2739, org.springframework.boot.test.autoconfigure.web.servlet.MockMvcPrintOnlyOnFailureTestExecutionListener@4639ab6b, org.springframework.boot.test.autoconfigure.web.servlet.WebDriverTestExecutionListener@17efbc01, org.springframework.boot.test.autoconfigure.webservices.client.MockWebServiceServerTestExecutionListener@48425ea1, org.springframework.boot.test.mock.mockito.ResetMocksTestExecutionListener@54699f7f]
]]></system-out>
  <system-err><![CDATA[]]></system-err>
</testsuite>
